Namespace(batch_size=4, bits=8, checkpoint_iters=1000, clip=0.5, decoder_fuse_level=1, distance1=1, distance2=2, encoder_fuse_level=1, eval='../../data/eval', eval_batch_size=1, eval_iters=4500, eval_mv='../../data/eval_mv', fuse_encoder=True, gamma=0.5, gpus='0', iterations=10, load_iter=None, load_model_name=None, lr=0.00025, max_train_iters=10000, model_dir='model', num_crops=2, out_dir='output', patch=64, save_codes=True, save_model_name='gaze_model', save_out_img=True, schedule='50000,60000,70000,80000,90000', shrink=2, stack=True, train='../../data/new-data/train', train_mv='../../data/new-data/train_mv', v_compress=True, warp=True)

Creating loader for ../../data/new-data/train...
26594 images loaded.
	distance=1/2
Loader for 26594 images (6649 batches) created.
	Encoder fuse level: 1
	Decoder fuse level: 1
[TRAIN] Iter[1]; LR: 0.00025; Loss: 0.326861; Backprop: 0.1121 sec; Batch: 0.5389 sec
[TRAIN] Iter[2]; LR: 0.00025; Loss: 0.245549; Backprop: 0.0932 sec; Batch: 0.4928 sec
[TRAIN] Iter[3]; LR: 0.00025; Loss: 0.209717; Backprop: 0.0925 sec; Batch: 0.4921 sec
[TRAIN] Iter[4]; LR: 0.00025; Loss: 0.211527; Backprop: 0.0931 sec; Batch: 0.4931 sec
[TRAIN] Iter[5]; LR: 0.00025; Loss: 0.212642; Backprop: 0.0925 sec; Batch: 0.4917 sec
[TRAIN] Iter[6]; LR: 0.00025; Loss: 0.230556; Backprop: 0.0931 sec; Batch: 0.4923 sec
[TRAIN] Iter[7]; LR: 0.00025; Loss: 0.223817; Backprop: 0.0926 sec; Batch: 0.4931 sec
[TRAIN] Iter[8]; LR: 0.00025; Loss: 0.213769; Backprop: 0.0933 sec; Batch: 0.4941 sec
[TRAIN] Iter[9]; LR: 0.00025; Loss: 0.189032; Backprop: 0.0931 sec; Batch: 0.4938 sec
[TRAIN] Iter[10]; LR: 0.00025; Loss: 0.220761; Backprop: 0.0930 sec; Batch: 0.4935 sec
[TRAIN] Iter[11]; LR: 0.00025; Loss: 0.261993; Backprop: 0.0932 sec; Batch: 0.4946 sec
[TRAIN] Iter[12]; LR: 0.00025; Loss: 0.176496; Backprop: 0.0934 sec; Batch: 0.4935 sec
[TRAIN] Iter[13]; LR: 0.00025; Loss: 0.198408; Backprop: 0.0932 sec; Batch: 0.4946 sec
[TRAIN] Iter[14]; LR: 0.00025; Loss: 0.155472; Backprop: 0.0929 sec; Batch: 0.4939 sec
[TRAIN] Iter[15]; LR: 0.00025; Loss: 0.138805; Backprop: 0.0932 sec; Batch: 0.4934 sec
[TRAIN] Iter[16]; LR: 0.00025; Loss: 0.134968; Backprop: 0.0928 sec; Batch: 0.4937 sec
[TRAIN] Iter[17]; LR: 0.00025; Loss: 0.192516; Backprop: 0.0935 sec; Batch: 0.4946 sec
[TRAIN] Iter[18]; LR: 0.00025; Loss: 0.153986; Backprop: 0.0928 sec; Batch: 0.4931 sec
[TRAIN] Iter[19]; LR: 0.00025; Loss: 0.190197; Backprop: 0.0934 sec; Batch: 0.4941 sec
[TRAIN] Iter[20]; LR: 0.00025; Loss: 0.183236; Backprop: 0.0932 sec; Batch: 0.4959 sec
[TRAIN] Iter[21]; LR: 0.00025; Loss: 0.179299; Backprop: 0.0930 sec; Batch: 0.4940 sec
[TRAIN] Iter[22]; LR: 0.00025; Loss: 0.166889; Backprop: 0.0931 sec; Batch: 0.4932 sec
[TRAIN] Iter[23]; LR: 0.00025; Loss: 0.101099; Backprop: 0.0931 sec; Batch: 0.4939 sec
[TRAIN] Iter[24]; LR: 0.00025; Loss: 0.156380; Backprop: 0.0932 sec; Batch: 0.4942 sec
[TRAIN] Iter[25]; LR: 0.00025; Loss: 0.141082; Backprop: 0.0935 sec; Batch: 0.4940 sec
[TRAIN] Iter[26]; LR: 0.00025; Loss: 0.228025; Backprop: 0.0934 sec; Batch: 0.4940 sec
[TRAIN] Iter[27]; LR: 0.00025; Loss: 0.189901; Backprop: 0.0928 sec; Batch: 0.4942 sec
[TRAIN] Iter[28]; LR: 0.00025; Loss: 0.170047; Backprop: 0.0932 sec; Batch: 0.4935 sec
[TRAIN] Iter[29]; LR: 0.00025; Loss: 0.165444; Backprop: 0.0933 sec; Batch: 0.4935 sec
[TRAIN] Iter[30]; LR: 0.00025; Loss: 0.168811; Backprop: 0.0931 sec; Batch: 0.4934 sec
[TRAIN] Iter[31]; LR: 0.00025; Loss: 0.127606; Backprop: 0.0929 sec; Batch: 0.4935 sec
[TRAIN] Iter[32]; LR: 0.00025; Loss: 0.134909; Backprop: 0.0931 sec; Batch: 0.4934 sec
[TRAIN] Iter[33]; LR: 0.00025; Loss: 0.149703; Backprop: 0.0935 sec; Batch: 0.4952 sec
[TRAIN] Iter[34]; LR: 0.00025; Loss: 0.126673; Backprop: 0.0934 sec; Batch: 0.4956 sec
[TRAIN] Iter[35]; LR: 0.00025; Loss: 0.111163; Backprop: 0.0934 sec; Batch: 0.4951 sec
[TRAIN] Iter[36]; LR: 0.00025; Loss: 0.132594; Backprop: 0.0938 sec; Batch: 0.4953 sec
[TRAIN] Iter[37]; LR: 0.00025; Loss: 0.154021; Backprop: 0.0934 sec; Batch: 0.4951 sec
[TRAIN] Iter[38]; LR: 0.00025; Loss: 0.170542; Backprop: 0.0936 sec; Batch: 0.4953 sec
[TRAIN] Iter[39]; LR: 0.00025; Loss: 0.144263; Backprop: 0.0935 sec; Batch: 0.4957 sec
[TRAIN] Iter[40]; LR: 0.00025; Loss: 0.172383; Backprop: 0.0937 sec; Batch: 0.4961 sec
[TRAIN] Iter[41]; LR: 0.00025; Loss: 0.143548; Backprop: 0.0934 sec; Batch: 0.4953 sec
[TRAIN] Iter[42]; LR: 0.00025; Loss: 0.114527; Backprop: 0.0936 sec; Batch: 0.4958 sec
[TRAIN] Iter[43]; LR: 0.00025; Loss: 0.121448; Backprop: 0.0934 sec; Batch: 0.4950 sec
[TRAIN] Iter[44]; LR: 0.00025; Loss: 0.144321; Backprop: 0.0936 sec; Batch: 0.4951 sec
[TRAIN] Iter[45]; LR: 0.00025; Loss: 0.129125; Backprop: 0.0934 sec; Batch: 0.4948 sec
[TRAIN] Iter[46]; LR: 0.00025; Loss: 0.185472; Backprop: 0.0932 sec; Batch: 0.4948 sec
[TRAIN] Iter[47]; LR: 0.00025; Loss: 0.143413; Backprop: 0.0935 sec; Batch: 0.4952 sec
[TRAIN] Iter[48]; LR: 0.00025; Loss: 0.153522; Backprop: 0.0936 sec; Batch: 0.4952 sec
[TRAIN] Iter[49]; LR: 0.00025; Loss: 0.124611; Backprop: 0.0935 sec; Batch: 0.4954 sec
[TRAIN] Iter[50]; LR: 0.00025; Loss: 0.170435; Backprop: 0.0938 sec; Batch: 0.4957 sec
[TRAIN] Iter[51]; LR: 0.00025; Loss: 0.154770; Backprop: 0.0933 sec; Batch: 0.4954 sec
[TRAIN] Iter[52]; LR: 0.00025; Loss: 0.138126; Backprop: 0.0935 sec; Batch: 0.4949 sec
[TRAIN] Iter[53]; LR: 0.00025; Loss: 0.153606; Backprop: 0.0934 sec; Batch: 0.4958 sec
[TRAIN] Iter[54]; LR: 0.00025; Loss: 0.147172; Backprop: 0.0943 sec; Batch: 0.4972 sec
[TRAIN] Iter[55]; LR: 0.00025; Loss: 0.117887; Backprop: 0.0937 sec; Batch: 0.4951 sec
[TRAIN] Iter[56]; LR: 0.00025; Loss: 0.165755; Backprop: 0.0933 sec; Batch: 0.4950 sec
[TRAIN] Iter[57]; LR: 0.00025; Loss: 0.120789; Backprop: 0.0939 sec; Batch: 0.4957 sec
[TRAIN] Iter[58]; LR: 0.00025; Loss: 0.119783; Backprop: 0.0932 sec; Batch: 0.4959 sec
[TRAIN] Iter[59]; LR: 0.00025; Loss: 0.075251; Backprop: 0.0940 sec; Batch: 0.4958 sec
[TRAIN] Iter[60]; LR: 0.00025; Loss: 0.122362; Backprop: 0.0934 sec; Batch: 0.4957 sec
[TRAIN] Iter[61]; LR: 0.00025; Loss: 0.176705; Backprop: 0.0936 sec; Batch: 0.4955 sec
[TRAIN] Iter[62]; LR: 0.00025; Loss: 0.117767; Backprop: 0.0933 sec; Batch: 0.4954 sec
[TRAIN] Iter[63]; LR: 0.00025; Loss: 0.124320; Backprop: 0.0937 sec; Batch: 0.4954 sec
[TRAIN] Iter[64]; LR: 0.00025; Loss: 0.135988; Backprop: 0.0932 sec; Batch: 0.4950 sec
[TRAIN] Iter[65]; LR: 0.00025; Loss: 0.134201; Backprop: 0.0934 sec; Batch: 0.4953 sec
[TRAIN] Iter[66]; LR: 0.00025; Loss: 0.128184; Backprop: 0.0934 sec; Batch: 0.4958 sec
[TRAIN] Iter[67]; LR: 0.00025; Loss: 0.141238; Backprop: 0.0937 sec; Batch: 0.4951 sec
[TRAIN] Iter[68]; LR: 0.00025; Loss: 0.117212; Backprop: 0.0936 sec; Batch: 0.4954 sec
[TRAIN] Iter[69]; LR: 0.00025; Loss: 0.126524; Backprop: 0.0937 sec; Batch: 0.4963 sec
[TRAIN] Iter[70]; LR: 0.00025; Loss: 0.111616; Backprop: 0.0933 sec; Batch: 0.4956 sec
[TRAIN] Iter[71]; LR: 0.00025; Loss: 0.109144; Backprop: 0.0934 sec; Batch: 0.4953 sec
[TRAIN] Iter[72]; LR: 0.00025; Loss: 0.117318; Backprop: 0.0941 sec; Batch: 0.4970 sec
[TRAIN] Iter[73]; LR: 0.00025; Loss: 0.135727; Backprop: 0.0936 sec; Batch: 0.4963 sec
[TRAIN] Iter[74]; LR: 0.00025; Loss: 0.124891; Backprop: 0.0938 sec; Batch: 0.4960 sec
[TRAIN] Iter[75]; LR: 0.00025; Loss: 0.122370; Backprop: 0.0937 sec; Batch: 0.4959 sec
[TRAIN] Iter[76]; LR: 0.00025; Loss: 0.100361; Backprop: 0.0933 sec; Batch: 0.4955 sec
[TRAIN] Iter[77]; LR: 0.00025; Loss: 0.118174; Backprop: 0.0939 sec; Batch: 0.4965 sec
[TRAIN] Iter[78]; LR: 0.00025; Loss: 0.113897; Backprop: 0.0936 sec; Batch: 0.4961 sec
[TRAIN] Iter[79]; LR: 0.00025; Loss: 0.093213; Backprop: 0.0938 sec; Batch: 0.4960 sec
[TRAIN] Iter[80]; LR: 0.00025; Loss: 0.125297; Backprop: 0.0941 sec; Batch: 0.4965 sec
[TRAIN] Iter[81]; LR: 0.00025; Loss: 0.125163; Backprop: 0.0943 sec; Batch: 0.4975 sec
[TRAIN] Iter[82]; LR: 0.00025; Loss: 0.117240; Backprop: 0.0938 sec; Batch: 0.4963 sec
[TRAIN] Iter[83]; LR: 0.00025; Loss: 0.128554; Backprop: 0.0936 sec; Batch: 0.4967 sec
[TRAIN] Iter[84]; LR: 0.00025; Loss: 0.132548; Backprop: 0.0936 sec; Batch: 0.4979 sec
[TRAIN] Iter[85]; LR: 0.00025; Loss: 0.122399; Backprop: 0.0941 sec; Batch: 0.4975 sec
[TRAIN] Iter[86]; LR: 0.00025; Loss: 0.112178; Backprop: 0.0939 sec; Batch: 0.4963 sec
[TRAIN] Iter[87]; LR: 0.00025; Loss: 0.118054; Backprop: 0.0940 sec; Batch: 0.4969 sec
[TRAIN] Iter[88]; LR: 0.00025; Loss: 0.124524; Backprop: 0.0939 sec; Batch: 0.4964 sec
[TRAIN] Iter[89]; LR: 0.00025; Loss: 0.113787; Backprop: 0.0935 sec; Batch: 0.4973 sec
[TRAIN] Iter[90]; LR: 0.00025; Loss: 0.098030; Backprop: 0.0943 sec; Batch: 0.4976 sec
[TRAIN] Iter[91]; LR: 0.00025; Loss: 0.100081; Backprop: 0.0940 sec; Batch: 0.4969 sec
[TRAIN] Iter[92]; LR: 0.00025; Loss: 0.103152; Backprop: 0.0943 sec; Batch: 0.4971 sec
[TRAIN] Iter[93]; LR: 0.00025; Loss: 0.088586; Backprop: 0.0941 sec; Batch: 0.4975 sec
[TRAIN] Iter[94]; LR: 0.00025; Loss: 0.118937; Backprop: 0.0942 sec; Batch: 0.4974 sec
[TRAIN] Iter[95]; LR: 0.00025; Loss: 0.154992; Backprop: 0.0937 sec; Batch: 0.4967 sec
[TRAIN] Iter[96]; LR: 0.00025; Loss: 0.131418; Backprop: 0.0939 sec; Batch: 0.4962 sec
[TRAIN] Iter[97]; LR: 0.00025; Loss: 0.104459; Backprop: 0.0936 sec; Batch: 0.4972 sec
[TRAIN] Iter[98]; LR: 0.00025; Loss: 0.086898; Backprop: 0.0938 sec; Batch: 0.4965 sec
[TRAIN] Iter[99]; LR: 0.00025; Loss: 0.116844; Backprop: 0.0941 sec; Batch: 0.4974 sec
[TRAIN] Iter[100]; LR: 0.00025; Loss: 0.124943; Backprop: 0.0938 sec; Batch: 0.4971 sec
Loss at each step:
0.2203 0.1715 0.1400 0.1141 0.0972 0.0978 0.0990 0.1005 0.1028 0.1061 

[TRAIN] Iter[101]; LR: 0.00025; Loss: 0.111581; Backprop: 0.0940 sec; Batch: 0.4975 sec
[TRAIN] Iter[102]; LR: 0.00025; Loss: 0.094775; Backprop: 0.0937 sec; Batch: 0.4970 sec
[TRAIN] Iter[103]; LR: 0.00025; Loss: 0.083245; Backprop: 0.0941 sec; Batch: 0.4967 sec
[TRAIN] Iter[104]; LR: 0.00025; Loss: 0.139257; Backprop: 0.0937 sec; Batch: 0.4966 sec
[TRAIN] Iter[105]; LR: 0.00025; Loss: 0.113700; Backprop: 0.0944 sec; Batch: 0.4977 sec
[TRAIN] Iter[106]; LR: 0.00025; Loss: 0.121505; Backprop: 0.0941 sec; Batch: 0.4969 sec
[TRAIN] Iter[107]; LR: 0.00025; Loss: 0.093446; Backprop: 0.0942 sec; Batch: 0.4965 sec
[TRAIN] Iter[108]; LR: 0.00025; Loss: 0.079527; Backprop: 0.0942 sec; Batch: 0.4972 sec
[TRAIN] Iter[109]; LR: 0.00025; Loss: 0.114957; Backprop: 0.0941 sec; Batch: 0.4975 sec
[TRAIN] Iter[110]; LR: 0.00025; Loss: 0.135994; Backprop: 0.0938 sec; Batch: 0.4967 sec
[TRAIN] Iter[111]; LR: 0.00025; Loss: 0.087145; Backprop: 0.0941 sec; Batch: 0.4968 sec
[TRAIN] Iter[112]; LR: 0.00025; Loss: 0.083875; Backprop: 0.0939 sec; Batch: 0.4970 sec
[TRAIN] Iter[113]; LR: 0.00025; Loss: 0.085092; Backprop: 0.0943 sec; Batch: 0.4971 sec
[TRAIN] Iter[114]; LR: 0.00025; Loss: 0.120876; Backprop: 0.0943 sec; Batch: 0.4969 sec
[TRAIN] Iter[115]; LR: 0.00025; Loss: 0.127159; Backprop: 0.0940 sec; Batch: 0.4971 sec
[TRAIN] Iter[116]; LR: 0.00025; Loss: 0.117135; Backprop: 0.0940 sec; Batch: 0.4972 sec
[TRAIN] Iter[117]; LR: 0.00025; Loss: 0.095019; Backprop: 0.0943 sec; Batch: 0.4975 sec
[TRAIN] Iter[118]; LR: 0.00025; Loss: 0.107856; Backprop: 0.0939 sec; Batch: 0.4968 sec
[TRAIN] Iter[119]; LR: 0.00025; Loss: 0.093013; Backprop: 0.0938 sec; Batch: 0.4973 sec
[TRAIN] Iter[120]; LR: 0.00025; Loss: 0.066097; Backprop: 0.0940 sec; Batch: 0.4969 sec
[TRAIN] Iter[121]; LR: 0.00025; Loss: 0.109175; Backprop: 0.0936 sec; Batch: 0.4962 sec
[TRAIN] Iter[122]; LR: 0.00025; Loss: 0.071450; Backprop: 0.0941 sec; Batch: 0.4974 sec
[TRAIN] Iter[123]; LR: 0.00025; Loss: 0.117690; Backprop: 0.0943 sec; Batch: 0.4973 sec
[TRAIN] Iter[124]; LR: 0.00025; Loss: 0.127574; Backprop: 0.0943 sec; Batch: 0.4973 sec
[TRAIN] Iter[125]; LR: 0.00025; Loss: 0.079718; Backprop: 0.0939 sec; Batch: 0.4973 sec
[TRAIN] Iter[126]; LR: 0.00025; Loss: 0.098018; Backprop: 0.0946 sec; Batch: 0.4988 sec
[TRAIN] Iter[127]; LR: 0.00025; Loss: 0.097667; Backprop: 0.0952 sec; Batch: 0.4999 sec
[TRAIN] Iter[128]; LR: 0.00025; Loss: 0.117013; Backprop: 0.0946 sec; Batch: 0.4993 sec
[TRAIN] Iter[129]; LR: 0.00025; Loss: 0.117807; Backprop: 0.0944 sec; Batch: 0.4996 sec
[TRAIN] Iter[130]; LR: 0.00025; Loss: 0.079424; Backprop: 0.0946 sec; Batch: 0.4995 sec
[TRAIN] Iter[131]; LR: 0.00025; Loss: 0.081465; Backprop: 0.0942 sec; Batch: 0.4993 sec
[TRAIN] Iter[132]; LR: 0.00025; Loss: 0.102855; Backprop: 0.0945 sec; Batch: 0.4996 sec
[TRAIN] Iter[133]; LR: 0.00025; Loss: 0.107349; Backprop: 0.0944 sec; Batch: 0.4999 sec
[TRAIN] Iter[134]; LR: 0.00025; Loss: 0.094701; Backprop: 0.0945 sec; Batch: 0.4996 sec
[TRAIN] Iter[135]; LR: 0.00025; Loss: 0.131052; Backprop: 0.0945 sec; Batch: 0.5000 sec
[TRAIN] Iter[136]; LR: 0.00025; Loss: 0.117487; Backprop: 0.0948 sec; Batch: 0.4996 sec
[TRAIN] Iter[137]; LR: 0.00025; Loss: 0.095055; Backprop: 0.0947 sec; Batch: 0.4995 sec
[TRAIN] Iter[138]; LR: 0.00025; Loss: 0.093172; Backprop: 0.0946 sec; Batch: 0.5000 sec
[TRAIN] Iter[139]; LR: 0.00025; Loss: 0.100300; Backprop: 0.0947 sec; Batch: 0.4992 sec
[TRAIN] Iter[140]; LR: 0.00025; Loss: 0.082637; Backprop: 0.0943 sec; Batch: 0.5007 sec
[TRAIN] Iter[141]; LR: 0.00025; Loss: 0.092165; Backprop: 0.0947 sec; Batch: 0.4992 sec
[TRAIN] Iter[142]; LR: 0.00025; Loss: 0.097364; Backprop: 0.0944 sec; Batch: 0.4997 sec
[TRAIN] Iter[143]; LR: 0.00025; Loss: 0.077717; Backprop: 0.0948 sec; Batch: 0.4991 sec
[TRAIN] Iter[144]; LR: 0.00025; Loss: 0.082877; Backprop: 0.0947 sec; Batch: 0.4994 sec
[TRAIN] Iter[145]; LR: 0.00025; Loss: 0.080042; Backprop: 0.0946 sec; Batch: 0.4995 sec
[TRAIN] Iter[146]; LR: 0.00025; Loss: 0.100497; Backprop: 0.0947 sec; Batch: 0.5001 sec
[TRAIN] Iter[147]; LR: 0.00025; Loss: 0.098525; Backprop: 0.0948 sec; Batch: 0.4994 sec
[TRAIN] Iter[148]; LR: 0.00025; Loss: 0.097114; Backprop: 0.0946 sec; Batch: 0.4993 sec
[TRAIN] Iter[149]; LR: 0.00025; Loss: 0.077609; Backprop: 0.0949 sec; Batch: 0.4999 sec
[TRAIN] Iter[150]; LR: 0.00025; Loss: 0.093845; Backprop: 0.0946 sec; Batch: 0.4996 sec
[TRAIN] Iter[151]; LR: 0.00025; Loss: 0.100390; Backprop: 0.0945 sec; Batch: 0.4994 sec
[TRAIN] Iter[152]; LR: 0.00025; Loss: 0.072586; Backprop: 0.0946 sec; Batch: 0.4995 sec
[TRAIN] Iter[153]; LR: 0.00025; Loss: 0.075117; Backprop: 0.0947 sec; Batch: 0.4997 sec
[TRAIN] Iter[154]; LR: 0.00025; Loss: 0.087404; Backprop: 0.0945 sec; Batch: 0.4995 sec
[TRAIN] Iter[155]; LR: 0.00025; Loss: 0.077339; Backprop: 0.0949 sec; Batch: 0.4996 sec
[TRAIN] Iter[156]; LR: 0.00025; Loss: 0.082202; Backprop: 0.0948 sec; Batch: 0.4995 sec
[TRAIN] Iter[157]; LR: 0.00025; Loss: 0.068262; Backprop: 0.0950 sec; Batch: 0.4996 sec
[TRAIN] Iter[158]; LR: 0.00025; Loss: 0.111081; Backprop: 0.0945 sec; Batch: 0.4993 sec
[TRAIN] Iter[159]; LR: 0.00025; Loss: 0.113860; Backprop: 0.0950 sec; Batch: 0.5005 sec
[TRAIN] Iter[160]; LR: 0.00025; Loss: 0.091123; Backprop: 0.0947 sec; Batch: 0.4999 sec
[TRAIN] Iter[161]; LR: 0.00025; Loss: 0.105405; Backprop: 0.0948 sec; Batch: 0.4994 sec
[TRAIN] Iter[162]; LR: 0.00025; Loss: 0.088457; Backprop: 0.0947 sec; Batch: 0.4999 sec
[TRAIN] Iter[163]; LR: 0.00025; Loss: 0.079972; Backprop: 0.0950 sec; Batch: 0.4997 sec
[TRAIN] Iter[164]; LR: 0.00025; Loss: 0.091664; Backprop: 0.0946 sec; Batch: 0.5004 sec
[TRAIN] Iter[165]; LR: 0.00025; Loss: 0.107210; Backprop: 0.0943 sec; Batch: 0.4998 sec
[TRAIN] Iter[166]; LR: 0.00025; Loss: 0.110622; Backprop: 0.0949 sec; Batch: 0.5003 sec
[TRAIN] Iter[167]; LR: 0.00025; Loss: 0.103673; Backprop: 0.0948 sec; Batch: 0.4992 sec
[TRAIN] Iter[168]; LR: 0.00025; Loss: 0.084215; Backprop: 0.0948 sec; Batch: 0.4993 sec
[TRAIN] Iter[169]; LR: 0.00025; Loss: 0.108310; Backprop: 0.0946 sec; Batch: 0.4997 sec
[TRAIN] Iter[170]; LR: 0.00025; Loss: 0.075510; Backprop: 0.0945 sec; Batch: 0.5003 sec
[TRAIN] Iter[171]; LR: 0.00025; Loss: 0.105460; Backprop: 0.0950 sec; Batch: 0.4995 sec
[TRAIN] Iter[172]; LR: 0.00025; Loss: 0.085276; Backprop: 0.0945 sec; Batch: 0.4993 sec
[TRAIN] Iter[173]; LR: 0.00025; Loss: 0.075732; Backprop: 0.0945 sec; Batch: 0.4993 sec
[TRAIN] Iter[174]; LR: 0.00025; Loss: 0.074150; Backprop: 0.0949 sec; Batch: 0.4998 sec
[TRAIN] Iter[175]; LR: 0.00025; Loss: 0.088048; Backprop: 0.0946 sec; Batch: 0.5000 sec
[TRAIN] Iter[176]; LR: 0.00025; Loss: 0.081062; Backprop: 0.0946 sec; Batch: 0.5007 sec
[TRAIN] Iter[177]; LR: 0.00025; Loss: 0.069958; Backprop: 0.0948 sec; Batch: 0.5008 sec
[TRAIN] Iter[178]; LR: 0.00025; Loss: 0.102076; Backprop: 0.0945 sec; Batch: 0.5007 sec
[TRAIN] Iter[179]; LR: 0.00025; Loss: 0.064644; Backprop: 0.0948 sec; Batch: 0.4996 sec
[TRAIN] Iter[180]; LR: 0.00025; Loss: 0.098882; Backprop: 0.0944 sec; Batch: 0.4995 sec
[TRAIN] Iter[181]; LR: 0.00025; Loss: 0.132247; Backprop: 0.0947 sec; Batch: 0.5009 sec
[TRAIN] Iter[182]; LR: 0.00025; Loss: 0.073845; Backprop: 0.0948 sec; Batch: 0.4998 sec
[TRAIN] Iter[183]; LR: 0.00025; Loss: 0.107019; Backprop: 0.0948 sec; Batch: 0.4999 sec
[TRAIN] Iter[184]; LR: 0.00025; Loss: 0.095473; Backprop: 0.0948 sec; Batch: 0.5003 sec
[TRAIN] Iter[185]; LR: 0.00025; Loss: 0.078800; Backprop: 0.0944 sec; Batch: 0.4995 sec
[TRAIN] Iter[186]; LR: 0.00025; Loss: 0.115092; Backprop: 0.0946 sec; Batch: 0.4995 sec
[TRAIN] Iter[187]; LR: 0.00025; Loss: 0.079941; Backprop: 0.0946 sec; Batch: 0.4994 sec
[TRAIN] Iter[188]; LR: 0.00025; Loss: 0.089196; Backprop: 0.0949 sec; Batch: 0.4998 sec
[TRAIN] Iter[189]; LR: 0.00025; Loss: 0.069833; Backprop: 0.0947 sec; Batch: 0.5011 sec
[TRAIN] Iter[190]; LR: 0.00025; Loss: 0.087227; Backprop: 0.0950 sec; Batch: 0.5012 sec
[TRAIN] Iter[191]; LR: 0.00025; Loss: 0.086193; Backprop: 0.0944 sec; Batch: 0.5001 sec
[TRAIN] Iter[192]; LR: 0.00025; Loss: 0.082098; Backprop: 0.0947 sec; Batch: 0.5008 sec
[TRAIN] Iter[193]; LR: 0.00025; Loss: 0.099232; Backprop: 0.0947 sec; Batch: 0.4995 sec
[TRAIN] Iter[194]; LR: 0.00025; Loss: 0.086219; Backprop: 0.0950 sec; Batch: 0.5004 sec
[TRAIN] Iter[195]; LR: 0.00025; Loss: 0.067439; Backprop: 0.0945 sec; Batch: 0.4991 sec
[TRAIN] Iter[196]; LR: 0.00025; Loss: 0.080619; Backprop: 0.0948 sec; Batch: 0.5004 sec
[TRAIN] Iter[197]; LR: 0.00025; Loss: 0.092438; Backprop: 0.0943 sec; Batch: 0.4997 sec
[TRAIN] Iter[198]; LR: 0.00025; Loss: 0.093090; Backprop: 0.0944 sec; Batch: 0.5007 sec
[TRAIN] Iter[199]; LR: 0.00025; Loss: 0.098326; Backprop: 0.0944 sec; Batch: 0.4992 sec
[TRAIN] Iter[200]; LR: 0.00025; Loss: 0.065976; Backprop: 0.0948 sec; Batch: 0.5008 sec
Loss at each step:
0.1422 0.0677 0.0558 0.0562 0.0561 0.0561 0.0562 0.0563 0.0565 0.0568 

[TRAIN] Iter[201]; LR: 0.00025; Loss: 0.075663; Backprop: 0.0946 sec; Batch: 0.5002 sec
[TRAIN] Iter[202]; LR: 0.00025; Loss: 0.063013; Backprop: 0.0948 sec; Batch: 0.5007 sec
[TRAIN] Iter[203]; LR: 0.00025; Loss: 0.098766; Backprop: 0.0947 sec; Batch: 0.5003 sec
[TRAIN] Iter[204]; LR: 0.00025; Loss: 0.084522; Backprop: 0.0945 sec; Batch: 0.5017 sec
[TRAIN] Iter[205]; LR: 0.00025; Loss: 0.084034; Backprop: 0.0951 sec; Batch: 0.5007 sec
[TRAIN] Iter[206]; LR: 0.00025; Loss: 0.092310; Backprop: 0.0943 sec; Batch: 0.5007 sec
[TRAIN] Iter[207]; LR: 0.00025; Loss: 0.119514; Backprop: 0.0944 sec; Batch: 0.4999 sec
[TRAIN] Iter[208]; LR: 0.00025; Loss: 0.063481; Backprop: 0.0943 sec; Batch: 0.4995 sec
[TRAIN] Iter[209]; LR: 0.00025; Loss: 0.070120; Backprop: 0.0947 sec; Batch: 0.4996 sec
[TRAIN] Iter[210]; LR: 0.00025; Loss: 0.068843; Backprop: 0.0938 sec; Batch: 0.4991 sec
[TRAIN] Iter[211]; LR: 0.00025; Loss: 0.060474; Backprop: 0.0942 sec; Batch: 0.4999 sec
[TRAIN] Iter[212]; LR: 0.00025; Loss: 0.078666; Backprop: 0.0949 sec; Batch: 0.4998 sec
[TRAIN] Iter[213]; LR: 0.00025; Loss: 0.069591; Backprop: 0.0948 sec; Batch: 0.5001 sec
[TRAIN] Iter[214]; LR: 0.00025; Loss: 0.084843; Backprop: 0.0945 sec; Batch: 0.5001 sec
[TRAIN] Iter[215]; LR: 0.00025; Loss: 0.066466; Backprop: 0.0946 sec; Batch: 0.5006 sec
[TRAIN] Iter[216]; LR: 0.00025; Loss: 0.078252; Backprop: 0.0946 sec; Batch: 0.5007 sec
[TRAIN] Iter[217]; LR: 0.00025; Loss: 0.107952; Backprop: 0.0950 sec; Batch: 0.5007 sec
[TRAIN] Iter[218]; LR: 0.00025; Loss: 0.082646; Backprop: 0.0947 sec; Batch: 0.5007 sec
[TRAIN] Iter[219]; LR: 0.00025; Loss: 0.058781; Backprop: 0.0946 sec; Batch: 0.4992 sec
[TRAIN] Iter[220]; LR: 0.00025; Loss: 0.083612; Backprop: 0.0946 sec; Batch: 0.5002 sec
[TRAIN] Iter[221]; LR: 0.00025; Loss: 0.084374; Backprop: 0.0947 sec; Batch: 0.5009 sec
[TRAIN] Iter[222]; LR: 0.00025; Loss: 0.081569; Backprop: 0.0943 sec; Batch: 0.4996 sec
[TRAIN] Iter[223]; LR: 0.00025; Loss: 0.073702; Backprop: 0.0944 sec; Batch: 0.4999 sec
[TRAIN] Iter[224]; LR: 0.00025; Loss: 0.077922; Backprop: 0.0947 sec; Batch: 0.5002 sec
[TRAIN] Iter[225]; LR: 0.00025; Loss: 0.080967; Backprop: 0.0949 sec; Batch: 0.5006 sec
[TRAIN] Iter[226]; LR: 0.00025; Loss: 0.068938; Backprop: 0.0950 sec; Batch: 0.5009 sec
[TRAIN] Iter[227]; LR: 0.00025; Loss: 0.074392; Backprop: 0.0943 sec; Batch: 0.4999 sec
[TRAIN] Iter[228]; LR: 0.00025; Loss: 0.066970; Backprop: 0.0947 sec; Batch: 0.5010 sec
[TRAIN] Iter[229]; LR: 0.00025; Loss: 0.094978; Backprop: 0.0951 sec; Batch: 0.5013 sec
[TRAIN] Iter[230]; LR: 0.00025; Loss: 0.090964; Backprop: 0.0948 sec; Batch: 0.5012 sec
[TRAIN] Iter[231]; LR: 0.00025; Loss: 0.080322; Backprop: 0.0945 sec; Batch: 0.5001 sec
[TRAIN] Iter[232]; LR: 0.00025; Loss: 0.075847; Backprop: 0.0947 sec; Batch: 0.5009 sec
[TRAIN] Iter[233]; LR: 0.00025; Loss: 0.049526; Backprop: 0.0945 sec; Batch: 0.4999 sec
[TRAIN] Iter[234]; LR: 0.00025; Loss: 0.085358; Backprop: 0.0945 sec; Batch: 0.5004 sec
[TRAIN] Iter[235]; LR: 0.00025; Loss: 0.092017; Backprop: 0.0945 sec; Batch: 0.5000 sec
[TRAIN] Iter[236]; LR: 0.00025; Loss: 0.086994; Backprop: 0.0950 sec; Batch: 0.5008 sec
[TRAIN] Iter[237]; LR: 0.00025; Loss: 0.075705; Backprop: 0.0945 sec; Batch: 0.5001 sec
[TRAIN] Iter[238]; LR: 0.00025; Loss: 0.063830; Backprop: 0.0945 sec; Batch: 0.5004 sec
[TRAIN] Iter[239]; LR: 0.00025; Loss: 0.120378; Backprop: 0.0950 sec; Batch: 0.5006 sec
[TRAIN] Iter[240]; LR: 0.00025; Loss: 0.079095; Backprop: 0.0948 sec; Batch: 0.5004 sec
[TRAIN] Iter[241]; LR: 0.00025; Loss: 0.082129; Backprop: 0.0948 sec; Batch: 0.5006 sec
[TRAIN] Iter[242]; LR: 0.00025; Loss: 0.060355; Backprop: 0.0946 sec; Batch: 0.5003 sec
[TRAIN] Iter[243]; LR: 0.00025; Loss: 0.082325; Backprop: 0.0947 sec; Batch: 0.5000 sec
[TRAIN] Iter[244]; LR: 0.00025; Loss: 0.101876; Backprop: 0.0945 sec; Batch: 0.5001 sec
[TRAIN] Iter[245]; LR: 0.00025; Loss: 0.063597; Backprop: 0.0953 sec; Batch: 0.5016 sec
[TRAIN] Iter[246]; LR: 0.00025; Loss: 0.071386; Backprop: 0.0953 sec; Batch: 0.5017 sec
[TRAIN] Iter[247]; LR: 0.00025; Loss: 0.066956; Backprop: 0.0949 sec; Batch: 0.5011 sec
[TRAIN] Iter[248]; LR: 0.00025; Loss: 0.074784; Backprop: 0.0954 sec; Batch: 0.5016 sec
[TRAIN] Iter[249]; LR: 0.00025; Loss: 0.063443; Backprop: 0.0950 sec; Batch: 0.5017 sec
[TRAIN] Iter[250]; LR: 0.00025; Loss: 0.065681; Backprop: 0.0949 sec; Batch: 0.5016 sec
[TRAIN] Iter[251]; LR: 0.00025; Loss: 0.074158; Backprop: 0.0953 sec; Batch: 0.5018 sec
[TRAIN] Iter[252]; LR: 0.00025; Loss: 0.080658; Backprop: 0.0949 sec; Batch: 0.5016 sec
[TRAIN] Iter[253]; LR: 0.00025; Loss: 0.067888; Backprop: 0.0951 sec; Batch: 0.5012 sec
[TRAIN] Iter[254]; LR: 0.00025; Loss: 0.060600; Backprop: 0.0954 sec; Batch: 0.5015 sec
[TRAIN] Iter[255]; LR: 0.00025; Loss: 0.053461; Backprop: 0.0951 sec; Batch: 0.5015 sec
[TRAIN] Iter[256]; LR: 0.00025; Loss: 0.040467; Backprop: 0.0955 sec; Batch: 0.5017 sec
[TRAIN] Iter[257]; LR: 0.00025; Loss: 0.082988; Backprop: 0.0954 sec; Batch: 0.5020 sec
[TRAIN] Iter[258]; LR: 0.00025; Loss: 0.059537; Backprop: 0.0953 sec; Batch: 0.5015 sec
[TRAIN] Iter[259]; LR: 0.00025; Loss: 0.066003; Backprop: 0.0953 sec; Batch: 0.5033 sec
[TRAIN] Iter[260]; LR: 0.00025; Loss: 0.063442; Backprop: 0.0958 sec; Batch: 0.5019 sec
[TRAIN] Iter[261]; LR: 0.00025; Loss: 0.059954; Backprop: 0.0950 sec; Batch: 0.5019 sec
[TRAIN] Iter[262]; LR: 0.00025; Loss: 0.058637; Backprop: 0.0948 sec; Batch: 0.5015 sec
[TRAIN] Iter[263]; LR: 0.00025; Loss: 0.075911; Backprop: 0.0949 sec; Batch: 0.5016 sec
[TRAIN] Iter[264]; LR: 0.00025; Loss: 0.063950; Backprop: 0.0950 sec; Batch: 0.5015 sec
[TRAIN] Iter[265]; LR: 0.00025; Loss: 0.101178; Backprop: 0.0949 sec; Batch: 0.5015 sec
[TRAIN] Iter[266]; LR: 0.00025; Loss: 0.062880; Backprop: 0.0954 sec; Batch: 0.5018 sec
[TRAIN] Iter[267]; LR: 0.00025; Loss: 0.079366; Backprop: 0.0953 sec; Batch: 0.5021 sec
[TRAIN] Iter[268]; LR: 0.00025; Loss: 0.094810; Backprop: 0.0949 sec; Batch: 0.5019 sec
[TRAIN] Iter[269]; LR: 0.00025; Loss: 0.080236; Backprop: 0.0948 sec; Batch: 0.5011 sec
[TRAIN] Iter[270]; LR: 0.00025; Loss: 0.080863; Backprop: 0.0955 sec; Batch: 0.5023 sec
[TRAIN] Iter[271]; LR: 0.00025; Loss: 0.054454; Backprop: 0.0950 sec; Batch: 0.5015 sec
[TRAIN] Iter[272]; LR: 0.00025; Loss: 0.065662; Backprop: 0.0951 sec; Batch: 0.5012 sec
[TRAIN] Iter[273]; LR: 0.00025; Loss: 0.085648; Backprop: 0.0949 sec; Batch: 0.5016 sec
[TRAIN] Iter[274]; LR: 0.00025; Loss: 0.088513; Backprop: 0.0950 sec; Batch: 0.5020 sec
[TRAIN] Iter[275]; LR: 0.00025; Loss: 0.070015; Backprop: 0.0956 sec; Batch: 0.5021 sec
[TRAIN] Iter[276]; LR: 0.00025; Loss: 0.094526; Backprop: 0.0955 sec; Batch: 0.5019 sec
[TRAIN] Iter[277]; LR: 0.00025; Loss: 0.083765; Backprop: 0.0948 sec; Batch: 0.5019 sec
[TRAIN] Iter[278]; LR: 0.00025; Loss: 0.069283; Backprop: 0.0952 sec; Batch: 0.5025 sec
[TRAIN] Iter[279]; LR: 0.00025; Loss: 0.087734; Backprop: 0.0949 sec; Batch: 0.5011 sec
[TRAIN] Iter[280]; LR: 0.00025; Loss: 0.082450; Backprop: 0.0951 sec; Batch: 0.5013 sec
[TRAIN] Iter[281]; LR: 0.00025; Loss: 0.089291; Backprop: 0.0949 sec; Batch: 0.5021 sec
[TRAIN] Iter[282]; LR: 0.00025; Loss: 0.084928; Backprop: 0.0953 sec; Batch: 0.5018 sec
[TRAIN] Iter[283]; LR: 0.00025; Loss: 0.076245; Backprop: 0.0953 sec; Batch: 0.5016 sec
[TRAIN] Iter[284]; LR: 0.00025; Loss: 0.086920; Backprop: 0.0953 sec; Batch: 0.5026 sec
[TRAIN] Iter[285]; LR: 0.00025; Loss: 0.075612; Backprop: 0.0954 sec; Batch: 0.5022 sec
[TRAIN] Iter[286]; LR: 0.00025; Loss: 0.082991; Backprop: 0.0950 sec; Batch: 0.5014 sec
[TRAIN] Iter[287]; LR: 0.00025; Loss: 0.067686; Backprop: 0.0952 sec; Batch: 0.5023 sec
[TRAIN] Iter[288]; LR: 0.00025; Loss: 0.070503; Backprop: 0.0949 sec; Batch: 0.5013 sec
[TRAIN] Iter[289]; LR: 0.00025; Loss: 0.066969; Backprop: 0.0949 sec; Batch: 0.5020 sec
[TRAIN] Iter[290]; LR: 0.00025; Loss: 0.057868; Backprop: 0.0951 sec; Batch: 0.5015 sec
[TRAIN] Iter[291]; LR: 0.00025; Loss: 0.079929; Backprop: 0.0952 sec; Batch: 0.5017 sec
[TRAIN] Iter[292]; LR: 0.00025; Loss: 0.063052; Backprop: 0.0957 sec; Batch: 0.5017 sec
[TRAIN] Iter[293]; LR: 0.00025; Loss: 0.089703; Backprop: 0.0954 sec; Batch: 0.5026 sec
[TRAIN] Iter[294]; LR: 0.00025; Loss: 0.075628; Backprop: 0.0954 sec; Batch: 0.5018 sec
[TRAIN] Iter[295]; LR: 0.00025; Loss: 0.088962; Backprop: 0.0951 sec; Batch: 0.5017 sec
[TRAIN] Iter[296]; LR: 0.00025; Loss: 0.056489; Backprop: 0.0951 sec; Batch: 0.5013 sec
[TRAIN] Iter[297]; LR: 0.00025; Loss: 0.063795; Backprop: 0.0948 sec; Batch: 0.5023 sec
[TRAIN] Iter[298]; LR: 0.00025; Loss: 0.074660; Backprop: 0.0952 sec; Batch: 0.5020 sec
[TRAIN] Iter[299]; LR: 0.00025; Loss: 0.057397; Backprop: 0.0951 sec; Batch: 0.5018 sec
[TRAIN] Iter[300]; LR: 0.00025; Loss: 0.055771; Backprop: 0.0954 sec; Batch: 0.5020 sec
Loss at each step:
0.0937 0.0578 0.0507 0.0499 0.0499 0.0506 0.0508 0.0511 0.0514 0.0518 

[TRAIN] Iter[301]; LR: 0.00025; Loss: 0.077791; Backprop: 0.0951 sec; Batch: 0.5026 sec
[TRAIN] Iter[302]; LR: 0.00025; Loss: 0.067200; Backprop: 0.0950 sec; Batch: 0.5014 sec
[TRAIN] Iter[303]; LR: 0.00025; Loss: 0.092690; Backprop: 0.0947 sec; Batch: 0.5014 sec
[TRAIN] Iter[304]; LR: 0.00025; Loss: 0.066508; Backprop: 0.0949 sec; Batch: 0.5011 sec
[TRAIN] Iter[305]; LR: 0.00025; Loss: 0.066580; Backprop: 0.0954 sec; Batch: 0.5018 sec
[TRAIN] Iter[306]; LR: 0.00025; Loss: 0.053289; Backprop: 0.0950 sec; Batch: 0.5021 sec
[TRAIN] Iter[307]; LR: 0.00025; Loss: 0.078132; Backprop: 0.0952 sec; Batch: 0.5018 sec
[TRAIN] Iter[308]; LR: 0.00025; Loss: 0.049367; Backprop: 0.0948 sec; Batch: 0.5010 sec
[TRAIN] Iter[309]; LR: 0.00025; Loss: 0.055870; Backprop: 0.0953 sec; Batch: 0.5019 sec
[TRAIN] Iter[310]; LR: 0.00025; Loss: 0.072831; Backprop: 0.0952 sec; Batch: 0.5016 sec
[TRAIN] Iter[311]; LR: 0.00025; Loss: 0.073651; Backprop: 0.0950 sec; Batch: 0.5019 sec
[TRAIN] Iter[312]; LR: 0.00025; Loss: 0.072939; Backprop: 0.0949 sec; Batch: 0.5015 sec
[TRAIN] Iter[313]; LR: 0.00025; Loss: 0.069393; Backprop: 0.0953 sec; Batch: 0.5021 sec
[TRAIN] Iter[314]; LR: 0.00025; Loss: 0.058426; Backprop: 0.0954 sec; Batch: 0.5016 sec
[TRAIN] Iter[315]; LR: 0.00025; Loss: 0.101525; Backprop: 0.0954 sec; Batch: 0.5019 sec
[TRAIN] Iter[316]; LR: 0.00025; Loss: 0.076632; Backprop: 0.0953 sec; Batch: 0.5020 sec
[TRAIN] Iter[317]; LR: 0.00025; Loss: 0.076129; Backprop: 0.0954 sec; Batch: 0.5018 sec
[TRAIN] Iter[318]; LR: 0.00025; Loss: 0.095676; Backprop: 0.0949 sec; Batch: 0.5012 sec
[TRAIN] Iter[319]; LR: 0.00025; Loss: 0.051002; Backprop: 0.0955 sec; Batch: 0.5018 sec
[TRAIN] Iter[320]; LR: 0.00025; Loss: 0.062804; Backprop: 0.0948 sec; Batch: 0.5017 sec
[TRAIN] Iter[321]; LR: 0.00025; Loss: 0.092126; Backprop: 0.0947 sec; Batch: 0.5010 sec
[TRAIN] Iter[322]; LR: 0.00025; Loss: 0.049443; Backprop: 0.0950 sec; Batch: 0.5013 sec
[TRAIN] Iter[323]; LR: 0.00025; Loss: 0.049832; Backprop: 0.0955 sec; Batch: 0.5018 sec
[TRAIN] Iter[324]; LR: 0.00025; Loss: 0.078918; Backprop: 0.0949 sec; Batch: 0.5023 sec
[TRAIN] Iter[325]; LR: 0.00025; Loss: 0.045174; Backprop: 0.0953 sec; Batch: 0.5014 sec
[TRAIN] Iter[326]; LR: 0.00025; Loss: 0.070932; Backprop: 0.0949 sec; Batch: 0.5017 sec
[TRAIN] Iter[327]; LR: 0.00025; Loss: 0.069879; Backprop: 0.0948 sec; Batch: 0.5012 sec
[TRAIN] Iter[328]; LR: 0.00025; Loss: 0.070124; Backprop: 0.0952 sec; Batch: 0.5018 sec
[TRAIN] Iter[329]; LR: 0.00025; Loss: 0.086708; Backprop: 0.0953 sec; Batch: 0.5018 sec
[TRAIN] Iter[330]; LR: 0.00025; Loss: 0.049817; Backprop: 0.0958 sec; Batch: 0.5024 sec
[TRAIN] Iter[331]; LR: 0.00025; Loss: 0.072821; Backprop: 0.0947 sec; Batch: 0.5012 sec
[TRAIN] Iter[332]; LR: 0.00025; Loss: 0.061975; Backprop: 0.0947 sec; Batch: 0.5010 sec
[TRAIN] Iter[333]; LR: 0.00025; Loss: 0.077419; Backprop: 0.0948 sec; Batch: 0.5014 sec
[TRAIN] Iter[334]; LR: 0.00025; Loss: 0.055392; Backprop: 0.0949 sec; Batch: 0.5011 sec
[TRAIN] Iter[335]; LR: 0.00025; Loss: 0.056008; Backprop: 0.0949 sec; Batch: 0.5012 sec
[TRAIN] Iter[336]; LR: 0.00025; Loss: 0.061451; Backprop: 0.0947 sec; Batch: 0.5014 sec
[TRAIN] Iter[337]; LR: 0.00025; Loss: 0.080999; Backprop: 0.0952 sec; Batch: 0.5023 sec
[TRAIN] Iter[338]; LR: 0.00025; Loss: 0.061143; Backprop: 0.0950 sec; Batch: 0.5011 sec
[TRAIN] Iter[339]; LR: 0.00025; Loss: 0.053459; Backprop: 0.0948 sec; Batch: 0.5015 sec
[TRAIN] Iter[340]; LR: 0.00025; Loss: 0.074443; Backprop: 0.0951 sec; Batch: 0.5016 sec
[TRAIN] Iter[341]; LR: 0.00025; Loss: 0.059345; Backprop: 0.0953 sec; Batch: 0.5014 sec
[TRAIN] Iter[342]; LR: 0.00025; Loss: 0.064310; Backprop: 0.0947 sec; Batch: 0.5011 sec
[TRAIN] Iter[343]; LR: 0.00025; Loss: 0.063358; Backprop: 0.0951 sec; Batch: 0.5019 sec
[TRAIN] Iter[344]; LR: 0.00025; Loss: 0.070823; Backprop: 0.0949 sec; Batch: 0.5014 sec
[TRAIN] Iter[345]; LR: 0.00025; Loss: 0.060197; Backprop: 0.0955 sec; Batch: 0.5021 sec
[TRAIN] Iter[346]; LR: 0.00025; Loss: 0.049461; Backprop: 0.0959 sec; Batch: 0.5022 sec
[TRAIN] Iter[347]; LR: 0.00025; Loss: 0.086049; Backprop: 0.0952 sec; Batch: 0.5017 sec
[TRAIN] Iter[348]; LR: 0.00025; Loss: 0.066373; Backprop: 0.0954 sec; Batch: 0.5020 sec
[TRAIN] Iter[349]; LR: 0.00025; Loss: 0.067556; Backprop: 0.0953 sec; Batch: 0.5024 sec
[TRAIN] Iter[350]; LR: 0.00025; Loss: 0.065710; Backprop: 0.0950 sec; Batch: 0.5016 sec
[TRAIN] Iter[351]; LR: 0.00025; Loss: 0.072538; Backprop: 0.0948 sec; Batch: 0.5017 sec
[TRAIN] Iter[352]; LR: 0.00025; Loss: 0.061743; Backprop: 0.0949 sec; Batch: 0.5014 sec
[TRAIN] Iter[353]; LR: 0.00025; Loss: 0.068456; Backprop: 0.0953 sec; Batch: 0.5020 sec
[TRAIN] Iter[354]; LR: 0.00025; Loss: 0.078082; Backprop: 0.0952 sec; Batch: 0.5024 sec
[TRAIN] Iter[355]; LR: 0.00025; Loss: 0.071073; Backprop: 0.0953 sec; Batch: 0.5023 sec
[TRAIN] Iter[356]; LR: 0.00025; Loss: 0.072618; Backprop: 0.0953 sec; Batch: 0.5020 sec
[TRAIN] Iter[357]; LR: 0.00025; Loss: 0.070013; Backprop: 0.0953 sec; Batch: 0.5033 sec
[TRAIN] Iter[358]; LR: 0.00025; Loss: 0.070363; Backprop: 0.0954 sec; Batch: 0.5024 sec
[TRAIN] Iter[359]; LR: 0.00025; Loss: 0.057263; Backprop: 0.0949 sec; Batch: 0.5018 sec
[TRAIN] Iter[360]; LR: 0.00025; Loss: 0.106257; Backprop: 0.0952 sec; Batch: 0.5018 sec
[TRAIN] Iter[361]; LR: 0.00025; Loss: 0.061062; Backprop: 0.0950 sec; Batch: 0.5015 sec
[TRAIN] Iter[362]; LR: 0.00025; Loss: 0.090443; Backprop: 0.0948 sec; Batch: 0.5012 sec
[TRAIN] Iter[363]; LR: 0.00025; Loss: 0.068105; Backprop: 0.0953 sec; Batch: 0.5020 sec
[TRAIN] Iter[364]; LR: 0.00025; Loss: 0.052409; Backprop: 0.0953 sec; Batch: 0.5017 sec
[TRAIN] Iter[365]; LR: 0.00025; Loss: 0.076392; Backprop: 0.0950 sec; Batch: 0.5017 sec
[TRAIN] Iter[366]; LR: 0.00025; Loss: 0.057488; Backprop: 0.0953 sec; Batch: 0.5017 sec
[TRAIN] Iter[367]; LR: 0.00025; Loss: 0.055412; Backprop: 0.0951 sec; Batch: 0.5030 sec
[TRAIN] Iter[368]; LR: 0.00025; Loss: 0.091784; Backprop: 0.0956 sec; Batch: 0.5029 sec
[TRAIN] Iter[369]; LR: 0.00025; Loss: 0.047339; Backprop: 0.0947 sec; Batch: 0.5013 sec
[TRAIN] Iter[370]; LR: 0.00025; Loss: 0.082310; Backprop: 0.0947 sec; Batch: 0.5018 sec
[TRAIN] Iter[371]; LR: 0.00025; Loss: 0.065626; Backprop: 0.0949 sec; Batch: 0.5018 sec
[TRAIN] Iter[372]; LR: 0.00025; Loss: 0.070451; Backprop: 0.0948 sec; Batch: 0.5018 sec
[TRAIN] Iter[373]; LR: 0.00025; Loss: 0.091208; Backprop: 0.0949 sec; Batch: 0.5015 sec
[TRAIN] Iter[374]; LR: 0.00025; Loss: 0.060825; Backprop: 0.0951 sec; Batch: 0.5019 sec
[TRAIN] Iter[375]; LR: 0.00025; Loss: 0.085740; Backprop: 0.0948 sec; Batch: 0.5013 sec
[TRAIN] Iter[376]; LR: 0.00025; Loss: 0.046818; Backprop: 0.0954 sec; Batch: 0.5022 sec
[TRAIN] Iter[377]; LR: 0.00025; Loss: 0.063369; Backprop: 0.0953 sec; Batch: 0.5029 sec
[TRAIN] Iter[378]; LR: 0.00025; Loss: 0.053740; Backprop: 0.0959 sec; Batch: 0.5037 sec
[TRAIN] Iter[379]; LR: 0.00025; Loss: 0.070303; Backprop: 0.0953 sec; Batch: 0.5019 sec
[TRAIN] Iter[380]; LR: 0.00025; Loss: 0.101141; Backprop: 0.0951 sec; Batch: 0.5020 sec
[TRAIN] Iter[381]; LR: 0.00025; Loss: 0.046091; Backprop: 0.0953 sec; Batch: 0.5025 sec
[TRAIN] Iter[382]; LR: 0.00025; Loss: 0.072989; Backprop: 0.0949 sec; Batch: 0.5034 sec
[TRAIN] Iter[383]; LR: 0.00025; Loss: 0.075978; Backprop: 0.0956 sec; Batch: 0.5023 sec
[TRAIN] Iter[384]; LR: 0.00025; Loss: 0.075869; Backprop: 0.0950 sec; Batch: 0.5023 sec
[TRAIN] Iter[385]; LR: 0.00025; Loss: 0.062377; Backprop: 0.0952 sec; Batch: 0.5019 sec
[TRAIN] Iter[386]; LR: 0.00025; Loss: 0.051505; Backprop: 0.0950 sec; Batch: 0.5018 sec
[TRAIN] Iter[387]; LR: 0.00025; Loss: 0.062900; Backprop: 0.0948 sec; Batch: 0.5017 sec
[TRAIN] Iter[388]; LR: 0.00025; Loss: 0.063488; Backprop: 0.0957 sec; Batch: 0.5025 sec
[TRAIN] Iter[389]; LR: 0.00025; Loss: 0.090066; Backprop: 0.0948 sec; Batch: 0.5020 sec
[TRAIN] Iter[390]; LR: 0.00025; Loss: 0.064277; Backprop: 0.0950 sec; Batch: 0.5020 sec
[TRAIN] Iter[391]; LR: 0.00025; Loss: 0.034024; Backprop: 0.0950 sec; Batch: 0.5018 sec
[TRAIN] Iter[392]; LR: 0.00025; Loss: 0.061099; Backprop: 0.0954 sec; Batch: 0.5018 sec
[TRAIN] Iter[393]; LR: 0.00025; Loss: 0.065810; Backprop: 0.0953 sec; Batch: 0.5021 sec
[TRAIN] Iter[394]; LR: 0.00025; Loss: 0.063079; Backprop: 0.0950 sec; Batch: 0.5017 sec
[TRAIN] Iter[395]; LR: 0.00025; Loss: 0.057867; Backprop: 0.0949 sec; Batch: 0.5017 sec
[TRAIN] Iter[396]; LR: 0.00025; Loss: 0.083819; Backprop: 0.0951 sec; Batch: 0.5021 sec
[TRAIN] Iter[397]; LR: 0.00025; Loss: 0.057461; Backprop: 0.0946 sec; Batch: 0.5009 sec
[TRAIN] Iter[398]; LR: 0.00025; Loss: 0.051768; Backprop: 0.0953 sec; Batch: 0.5034 sec
[TRAIN] Iter[399]; LR: 0.00025; Loss: 0.074772; Backprop: 0.0949 sec; Batch: 0.5016 sec
[TRAIN] Iter[400]; LR: 0.00025; Loss: 0.059309; Backprop: 0.0953 sec; Batch: 0.5023 sec
Loss at each step:
0.0784 0.0593 0.0563 0.0565 0.0566 0.0567 0.0569 0.0572 0.0574 0.0577 

[TRAIN] Iter[401]; LR: 0.00025; Loss: 0.082823; Backprop: 0.0949 sec; Batch: 0.5016 sec
[TRAIN] Iter[402]; LR: 0.00025; Loss: 0.045249; Backprop: 0.0949 sec; Batch: 0.5015 sec
[TRAIN] Iter[403]; LR: 0.00025; Loss: 0.047024; Backprop: 0.0954 sec; Batch: 0.5033 sec
[TRAIN] Iter[404]; LR: 0.00025; Loss: 0.071050; Backprop: 0.0953 sec; Batch: 0.5021 sec
[TRAIN] Iter[405]; LR: 0.00025; Loss: 0.047100; Backprop: 0.0953 sec; Batch: 0.5020 sec
[TRAIN] Iter[406]; LR: 0.00025; Loss: 0.053241; Backprop: 0.0948 sec; Batch: 0.5013 sec
[TRAIN] Iter[407]; LR: 0.00025; Loss: 0.081348; Backprop: 0.0952 sec; Batch: 0.5019 sec
[TRAIN] Iter[408]; LR: 0.00025; Loss: 0.051540; Backprop: 0.0956 sec; Batch: 0.5022 sec
[TRAIN] Iter[409]; LR: 0.00025; Loss: 0.053213; Backprop: 0.0953 sec; Batch: 0.5023 sec
[TRAIN] Iter[410]; LR: 0.00025; Loss: 0.079634; Backprop: 0.0951 sec; Batch: 0.5020 sec
[TRAIN] Iter[411]; LR: 0.00025; Loss: 0.053467; Backprop: 0.0951 sec; Batch: 0.5019 sec
[TRAIN] Iter[412]; LR: 0.00025; Loss: 0.074977; Backprop: 0.0951 sec; Batch: 0.5015 sec
[TRAIN] Iter[413]; LR: 0.00025; Loss: 0.065003; Backprop: 0.0950 sec; Batch: 0.5015 sec
[TRAIN] Iter[414]; LR: 0.00025; Loss: 0.050248; Backprop: 0.0954 sec; Batch: 0.5028 sec
[TRAIN] Iter[415]; LR: 0.00025; Loss: 0.044982; Backprop: 0.0951 sec; Batch: 0.5021 sec
[TRAIN] Iter[416]; LR: 0.00025; Loss: 0.059557; Backprop: 0.0952 sec; Batch: 0.5019 sec
[TRAIN] Iter[417]; LR: 0.00025; Loss: 0.053722; Backprop: 0.0948 sec; Batch: 0.5012 sec
[TRAIN] Iter[418]; LR: 0.00025; Loss: 0.048230; Backprop: 0.0954 sec; Batch: 0.5018 sec
[TRAIN] Iter[419]; LR: 0.00025; Loss: 0.051722; Backprop: 0.0955 sec; Batch: 0.5020 sec
[TRAIN] Iter[420]; LR: 0.00025; Loss: 0.051392; Backprop: 0.0957 sec; Batch: 0.5024 sec
[TRAIN] Iter[421]; LR: 0.00025; Loss: 0.073083; Backprop: 0.0951 sec; Batch: 0.5022 sec
[TRAIN] Iter[422]; LR: 0.00025; Loss: 0.050650; Backprop: 0.0955 sec; Batch: 0.5020 sec
[TRAIN] Iter[423]; LR: 0.00025; Loss: 0.076195; Backprop: 0.0948 sec; Batch: 0.5017 sec
[TRAIN] Iter[424]; LR: 0.00025; Loss: 0.089218; Backprop: 0.0957 sec; Batch: 0.5027 sec
[TRAIN] Iter[425]; LR: 0.00025; Loss: 0.067944; Backprop: 0.0949 sec; Batch: 0.5032 sec
[TRAIN] Iter[426]; LR: 0.00025; Loss: 0.076813; Backprop: 0.0946 sec; Batch: 0.5021 sec
[TRAIN] Iter[427]; LR: 0.00025; Loss: 0.068393; Backprop: 0.0950 sec; Batch: 0.5016 sec
[TRAIN] Iter[428]; LR: 0.00025; Loss: 0.080086; Backprop: 0.0954 sec; Batch: 0.5024 sec
[TRAIN] Iter[429]; LR: 0.00025; Loss: 0.065086; Backprop: 0.0946 sec; Batch: 0.5012 sec
[TRAIN] Iter[430]; LR: 0.00025; Loss: 0.064763; Backprop: 0.0952 sec; Batch: 0.5017 sec
[TRAIN] Iter[431]; LR: 0.00025; Loss: 0.066469; Backprop: 0.0952 sec; Batch: 0.5029 sec
[TRAIN] Iter[432]; LR: 0.00025; Loss: 0.055020; Backprop: 0.0954 sec; Batch: 0.5022 sec
[TRAIN] Iter[433]; LR: 0.00025; Loss: 0.050939; Backprop: 0.0949 sec; Batch: 0.5018 sec
[TRAIN] Iter[434]; LR: 0.00025; Loss: 0.065956; Backprop: 0.0954 sec; Batch: 0.5020 sec
[TRAIN] Iter[435]; LR: 0.00025; Loss: 0.057123; Backprop: 0.0951 sec; Batch: 0.5016 sec
[TRAIN] Iter[436]; LR: 0.00025; Loss: 0.072381; Backprop: 0.0956 sec; Batch: 0.5034 sec
[TRAIN] Iter[437]; LR: 0.00025; Loss: 0.061589; Backprop: 0.0951 sec; Batch: 0.5021 sec
[TRAIN] Iter[438]; LR: 0.00025; Loss: 0.084223; Backprop: 0.0951 sec; Batch: 0.5019 sec
[TRAIN] Iter[439]; LR: 0.00025; Loss: 0.059370; Backprop: 0.0946 sec; Batch: 0.5015 sec
[TRAIN] Iter[440]; LR: 0.00025; Loss: 0.061702; Backprop: 0.0950 sec; Batch: 0.5014 sec
[TRAIN] Iter[441]; LR: 0.00025; Loss: 0.063225; Backprop: 0.0949 sec; Batch: 0.5020 sec
[TRAIN] Iter[442]; LR: 0.00025; Loss: 0.065918; Backprop: 0.0953 sec; Batch: 0.5028 sec
[TRAIN] Iter[443]; LR: 0.00025; Loss: 0.046857; Backprop: 0.0954 sec; Batch: 0.5017 sec
[TRAIN] Iter[444]; LR: 0.00025; Loss: 0.068210; Backprop: 0.0956 sec; Batch: 0.5022 sec
[TRAIN] Iter[445]; LR: 0.00025; Loss: 0.068198; Backprop: 0.0946 sec; Batch: 0.5015 sec
[TRAIN] Iter[446]; LR: 0.00025; Loss: 0.062342; Backprop: 0.0948 sec; Batch: 0.5012 sec
[TRAIN] Iter[447]; LR: 0.00025; Loss: 0.056411; Backprop: 0.0951 sec; Batch: 0.5019 sec
[TRAIN] Iter[448]; LR: 0.00025; Loss: 0.048614; Backprop: 0.0950 sec; Batch: 0.5024 sec
[TRAIN] Iter[449]; LR: 0.00025; Loss: 0.062612; Backprop: 0.0954 sec; Batch: 0.5033 sec
[TRAIN] Iter[450]; LR: 0.00025; Loss: 0.051849; Backprop: 0.0951 sec; Batch: 0.5016 sec
[TRAIN] Iter[451]; LR: 0.00025; Loss: 0.068370; Backprop: 0.0945 sec; Batch: 0.5015 sec
[TRAIN] Iter[452]; LR: 0.00025; Loss: 0.052906; Backprop: 0.0952 sec; Batch: 0.5016 sec
[TRAIN] Iter[453]; LR: 0.00025; Loss: 0.082720; Backprop: 0.0949 sec; Batch: 0.5019 sec
[TRAIN] Iter[454]; LR: 0.00025; Loss: 0.055944; Backprop: 0.0950 sec; Batch: 0.5024 sec
[TRAIN] Iter[455]; LR: 0.00025; Loss: 0.063590; Backprop: 0.0954 sec; Batch: 0.5027 sec
[TRAIN] Iter[456]; LR: 0.00025; Loss: 0.062199; Backprop: 0.0952 sec; Batch: 0.5016 sec
[TRAIN] Iter[457]; LR: 0.00025; Loss: 0.075353; Backprop: 0.0945 sec; Batch: 0.5016 sec
[TRAIN] Iter[458]; LR: 0.00025; Loss: 0.079239; Backprop: 0.0948 sec; Batch: 0.5014 sec
[TRAIN] Iter[459]; LR: 0.00025; Loss: 0.069629; Backprop: 0.0951 sec; Batch: 0.5019 sec
[TRAIN] Iter[460]; LR: 0.00025; Loss: 0.076129; Backprop: 0.0953 sec; Batch: 0.5029 sec
[TRAIN] Iter[461]; LR: 0.00025; Loss: 0.066474; Backprop: 0.0952 sec; Batch: 0.5024 sec
[TRAIN] Iter[462]; LR: 0.00025; Loss: 0.066389; Backprop: 0.0955 sec; Batch: 0.5023 sec
[TRAIN] Iter[463]; LR: 0.00025; Loss: 0.099358; Backprop: 0.0952 sec; Batch: 0.5013 sec
[TRAIN] Iter[464]; LR: 0.00025; Loss: 0.056888; Backprop: 0.0953 sec; Batch: 0.5014 sec
[TRAIN] Iter[465]; LR: 0.00025; Loss: 0.061097; Backprop: 0.0952 sec; Batch: 0.5016 sec
[TRAIN] Iter[466]; LR: 0.00025; Loss: 0.057446; Backprop: 0.0954 sec; Batch: 0.5023 sec
[TRAIN] Iter[467]; LR: 0.00025; Loss: 0.089984; Backprop: 0.0947 sec; Batch: 0.5038 sec
[TRAIN] Iter[468]; LR: 0.00025; Loss: 0.085703; Backprop: 0.0950 sec; Batch: 0.5025 sec
[TRAIN] Iter[469]; LR: 0.00025; Loss: 0.056355; Backprop: 0.0956 sec; Batch: 0.5028 sec
[TRAIN] Iter[470]; LR: 0.00025; Loss: 0.056160; Backprop: 0.0953 sec; Batch: 0.5025 sec
[TRAIN] Iter[471]; LR: 0.00025; Loss: 0.046417; Backprop: 0.0950 sec; Batch: 0.5022 sec
[TRAIN] Iter[472]; LR: 0.00025; Loss: 0.064154; Backprop: 0.0954 sec; Batch: 0.5016 sec
[TRAIN] Iter[473]; LR: 0.00025; Loss: 0.061688; Backprop: 0.0944 sec; Batch: 0.5016 sec
[TRAIN] Iter[474]; LR: 0.00025; Loss: 0.041986; Backprop: 0.0952 sec; Batch: 0.5019 sec
[TRAIN] Iter[475]; LR: 0.00025; Loss: 0.077099; Backprop: 0.0953 sec; Batch: 0.5021 sec
[TRAIN] Iter[476]; LR: 0.00025; Loss: 0.060244; Backprop: 0.0951 sec; Batch: 0.5021 sec
[TRAIN] Iter[477]; LR: 0.00025; Loss: 0.062468; Backprop: 0.0957 sec; Batch: 0.5028 sec
[TRAIN] Iter[478]; LR: 0.00025; Loss: 0.093485; Backprop: 0.0952 sec; Batch: 0.5016 sec
[TRAIN] Iter[479]; LR: 0.00025; Loss: 0.066103; Backprop: 0.0954 sec; Batch: 0.5020 sec
[TRAIN] Iter[480]; LR: 0.00025; Loss: 0.063361; Backprop: 0.0955 sec; Batch: 0.5017 sec
[TRAIN] Iter[481]; LR: 0.00025; Loss: 0.060974; Backprop: 0.0955 sec; Batch: 0.5028 sec
[TRAIN] Iter[482]; LR: 0.00025; Loss: 0.069771; Backprop: 0.0949 sec; Batch: 0.5022 sec
[TRAIN] Iter[483]; LR: 0.00025; Loss: 0.065218; Backprop: 0.0955 sec; Batch: 0.5021 sec
[TRAIN] Iter[484]; LR: 0.00025; Loss: 0.059717; Backprop: 0.0950 sec; Batch: 0.5025 sec
[TRAIN] Iter[485]; LR: 0.00025; Loss: 0.040617; Backprop: 0.0951 sec; Batch: 0.5020 sec
[TRAIN] Iter[486]; LR: 0.00025; Loss: 0.059066; Backprop: 0.0953 sec; Batch: 0.5016 sec
[TRAIN] Iter[487]; LR: 0.00025; Loss: 0.084002; Backprop: 0.0956 sec; Batch: 0.5026 sec
[TRAIN] Iter[488]; LR: 0.00025; Loss: 0.055127; Backprop: 0.0954 sec; Batch: 0.5017 sec
[TRAIN] Iter[489]; LR: 0.00025; Loss: 0.035914; Backprop: 0.0949 sec; Batch: 0.5015 sec
[TRAIN] Iter[490]; LR: 0.00025; Loss: 0.069355; Backprop: 0.0950 sec; Batch: 0.5016 sec
[TRAIN] Iter[491]; LR: 0.00025; Loss: 0.062277; Backprop: 0.0950 sec; Batch: 0.5022 sec
[TRAIN] Iter[492]; LR: 0.00025; Loss: 0.066785; Backprop: 0.0953 sec; Batch: 0.5030 sec
[TRAIN] Iter[493]; LR: 0.00025; Loss: 0.059163; Backprop: 0.0953 sec; Batch: 0.5025 sec
[TRAIN] Iter[494]; LR: 0.00025; Loss: 0.072119; Backprop: 0.0949 sec; Batch: 0.5015 sec
[TRAIN] Iter[495]; LR: 0.00025; Loss: 0.058370; Backprop: 0.0948 sec; Batch: 0.5013 sec
[TRAIN] Iter[496]; LR: 0.00025; Loss: 0.078357; Backprop: 0.0950 sec; Batch: 0.5033 sec
[TRAIN] Iter[497]; LR: 0.00025; Loss: 0.092789; Backprop: 0.0953 sec; Batch: 0.5026 sec
[TRAIN] Iter[498]; LR: 0.00025; Loss: 0.043815; Backprop: 0.0955 sec; Batch: 0.5020 sec
[TRAIN] Iter[499]; LR: 0.00025; Loss: 0.048993; Backprop: 0.0952 sec; Batch: 0.5016 sec
[TRAIN] Iter[500]; LR: 0.00025; Loss: 0.069934; Backprop: 0.0952 sec; Batch: 0.5016 sec
Loss at each step:
0.1441 0.0749 0.0617 0.0604 0.0598 0.0596 0.0595 0.0595 0.0597 0.0601 

[TRAIN] Iter[501]; LR: 0.00025; Loss: 0.071377; Backprop: 0.0958 sec; Batch: 0.5018 sec
[TRAIN] Iter[502]; LR: 0.00025; Loss: 0.059722; Backprop: 0.0952 sec; Batch: 0.5021 sec
[TRAIN] Iter[503]; LR: 0.00025; Loss: 0.039678; Backprop: 0.0955 sec; Batch: 0.5018 sec
[TRAIN] Iter[504]; LR: 0.00025; Loss: 0.107023; Backprop: 0.0945 sec; Batch: 0.5012 sec
[TRAIN] Iter[505]; LR: 0.00025; Loss: 0.076659; Backprop: 0.0955 sec; Batch: 0.5018 sec
[TRAIN] Iter[506]; LR: 0.00025; Loss: 0.063201; Backprop: 0.0952 sec; Batch: 0.5014 sec
[TRAIN] Iter[507]; LR: 0.00025; Loss: 0.049538; Backprop: 0.0951 sec; Batch: 0.5021 sec
[TRAIN] Iter[508]; LR: 0.00025; Loss: 0.061734; Backprop: 0.0954 sec; Batch: 0.5022 sec
[TRAIN] Iter[509]; LR: 0.00025; Loss: 0.045101; Backprop: 0.0953 sec; Batch: 0.5015 sec
[TRAIN] Iter[510]; LR: 0.00025; Loss: 0.051054; Backprop: 0.0949 sec; Batch: 0.5012 sec
[TRAIN] Iter[511]; LR: 0.00025; Loss: 0.048250; Backprop: 0.0956 sec; Batch: 0.5015 sec
[TRAIN] Iter[512]; LR: 0.00025; Loss: 0.052257; Backprop: 0.0952 sec; Batch: 0.5016 sec
[TRAIN] Iter[513]; LR: 0.00025; Loss: 0.052550; Backprop: 0.0952 sec; Batch: 0.5018 sec
[TRAIN] Iter[514]; LR: 0.00025; Loss: 0.069045; Backprop: 0.0953 sec; Batch: 0.5021 sec
[TRAIN] Iter[515]; LR: 0.00025; Loss: 0.052531; Backprop: 0.0950 sec; Batch: 0.5019 sec
[TRAIN] Iter[516]; LR: 0.00025; Loss: 0.049236; Backprop: 0.0949 sec; Batch: 0.5015 sec
[TRAIN] Iter[517]; LR: 0.00025; Loss: 0.076594; Backprop: 0.0951 sec; Batch: 0.5018 sec
[TRAIN] Iter[518]; LR: 0.00025; Loss: 0.049260; Backprop: 0.0951 sec; Batch: 0.5022 sec
[TRAIN] Iter[519]; LR: 0.00025; Loss: 0.094586; Backprop: 0.0953 sec; Batch: 0.5031 sec
[TRAIN] Iter[520]; LR: 0.00025; Loss: 0.064922; Backprop: 0.0952 sec; Batch: 0.5018 sec
[TRAIN] Iter[521]; LR: 0.00025; Loss: 0.067016; Backprop: 0.0952 sec; Batch: 0.5017 sec
[TRAIN] Iter[522]; LR: 0.00025; Loss: 0.063344; Backprop: 0.0950 sec; Batch: 0.5026 sec
[TRAIN] Iter[523]; LR: 0.00025; Loss: 0.088487; Backprop: 0.0952 sec; Batch: 0.5021 sec
[TRAIN] Iter[524]; LR: 0.00025; Loss: 0.042465; Backprop: 0.0949 sec; Batch: 0.5011 sec
[TRAIN] Iter[525]; LR: 0.00025; Loss: 0.083621; Backprop: 0.0950 sec; Batch: 0.5023 sec
[TRAIN] Iter[526]; LR: 0.00025; Loss: 0.079633; Backprop: 0.0950 sec; Batch: 0.5021 sec
[TRAIN] Iter[527]; LR: 0.00025; Loss: 0.046907; Backprop: 0.0948 sec; Batch: 0.5013 sec
[TRAIN] Iter[528]; LR: 0.00025; Loss: 0.065232; Backprop: 0.0953 sec; Batch: 0.5025 sec
[TRAIN] Iter[529]; LR: 0.00025; Loss: 0.050353; Backprop: 0.0954 sec; Batch: 0.5015 sec
[TRAIN] Iter[530]; LR: 0.00025; Loss: 0.060100; Backprop: 0.0951 sec; Batch: 0.5022 sec
[TRAIN] Iter[531]; LR: 0.00025; Loss: 0.091756; Backprop: 0.0952 sec; Batch: 0.5016 sec
[TRAIN] Iter[532]; LR: 0.00025; Loss: 0.044718; Backprop: 0.0956 sec; Batch: 0.5025 sec
[TRAIN] Iter[533]; LR: 0.00025; Loss: 0.060830; Backprop: 0.0949 sec; Batch: 0.5018 sec
[TRAIN] Iter[534]; LR: 0.00025; Loss: 0.051533; Backprop: 0.0951 sec; Batch: 0.5017 sec
[TRAIN] Iter[535]; LR: 0.00025; Loss: 0.054979; Backprop: 0.0951 sec; Batch: 0.5016 sec
[TRAIN] Iter[536]; LR: 0.00025; Loss: 0.061509; Backprop: 0.0949 sec; Batch: 0.5024 sec
[TRAIN] Iter[537]; LR: 0.00025; Loss: 0.047517; Backprop: 0.0951 sec; Batch: 0.5023 sec
[TRAIN] Iter[538]; LR: 0.00025; Loss: 0.054102; Backprop: 0.0946 sec; Batch: 0.5014 sec
[TRAIN] Iter[539]; LR: 0.00025; Loss: 0.058786; Backprop: 0.0953 sec; Batch: 0.5018 sec
[TRAIN] Iter[540]; LR: 0.00025; Loss: 0.076286; Backprop: 0.0949 sec; Batch: 0.5027 sec
[TRAIN] Iter[541]; LR: 0.00025; Loss: 0.068390; Backprop: 0.0953 sec; Batch: 0.5032 sec
[TRAIN] Iter[542]; LR: 0.00025; Loss: 0.043117; Backprop: 0.0950 sec; Batch: 0.5025 sec
[TRAIN] Iter[543]; LR: 0.00025; Loss: 0.060029; Backprop: 0.0951 sec; Batch: 0.5014 sec
[TRAIN] Iter[544]; LR: 0.00025; Loss: 0.064130; Backprop: 0.0944 sec; Batch: 0.5014 sec
[TRAIN] Iter[545]; LR: 0.00025; Loss: 0.070600; Backprop: 0.0951 sec; Batch: 0.5062 sec
[TRAIN] Iter[546]; LR: 0.00025; Loss: 0.060431; Backprop: 0.0950 sec; Batch: 0.5019 sec
[TRAIN] Iter[547]; LR: 0.00025; Loss: 0.047383; Backprop: 0.0954 sec; Batch: 0.5019 sec
[TRAIN] Iter[548]; LR: 0.00025; Loss: 0.068545; Backprop: 0.0947 sec; Batch: 0.5014 sec
[TRAIN] Iter[549]; LR: 0.00025; Loss: 0.052242; Backprop: 0.0947 sec; Batch: 0.5014 sec
[TRAIN] Iter[550]; LR: 0.00025; Loss: 0.047139; Backprop: 0.0951 sec; Batch: 0.5018 sec
[TRAIN] Iter[551]; LR: 0.00025; Loss: 0.053389; Backprop: 0.0954 sec; Batch: 0.5019 sec
[TRAIN] Iter[552]; LR: 0.00025; Loss: 0.056575; Backprop: 0.0950 sec; Batch: 0.5027 sec
[TRAIN] Iter[553]; LR: 0.00025; Loss: 0.049094; Backprop: 0.0949 sec; Batch: 0.5018 sec
[TRAIN] Iter[554]; LR: 0.00025; Loss: 0.048874; Backprop: 0.0947 sec; Batch: 0.5018 sec
[TRAIN] Iter[555]; LR: 0.00025; Loss: 0.058350; Backprop: 0.0949 sec; Batch: 0.5016 sec
[TRAIN] Iter[556]; LR: 0.00025; Loss: 0.058161; Backprop: 0.0950 sec; Batch: 0.5019 sec
[TRAIN] Iter[557]; LR: 0.00025; Loss: 0.058098; Backprop: 0.0947 sec; Batch: 0.5014 sec
[TRAIN] Iter[558]; LR: 0.00025; Loss: 0.055188; Backprop: 0.0952 sec; Batch: 0.5023 sec
[TRAIN] Iter[559]; LR: 0.00025; Loss: 0.051246; Backprop: 0.0951 sec; Batch: 0.5019 sec
[TRAIN] Iter[560]; LR: 0.00025; Loss: 0.065239; Backprop: 0.0946 sec; Batch: 0.5012 sec
[TRAIN] Iter[561]; LR: 0.00025; Loss: 0.053550; Backprop: 0.0946 sec; Batch: 0.5011 sec
[TRAIN] Iter[562]; LR: 0.00025; Loss: 0.041060; Backprop: 0.0952 sec; Batch: 0.5016 sec
[TRAIN] Iter[563]; LR: 0.00025; Loss: 0.071697; Backprop: 0.0953 sec; Batch: 0.5026 sec
[TRAIN] Iter[564]; LR: 0.00025; Loss: 0.058662; Backprop: 0.0956 sec; Batch: 0.5028 sec
[TRAIN] Iter[565]; LR: 0.00025; Loss: 0.056231; Backprop: 0.0949 sec; Batch: 0.5018 sec
[TRAIN] Iter[566]; LR: 0.00025; Loss: 0.068308; Backprop: 0.0949 sec; Batch: 0.5017 sec
[TRAIN] Iter[567]; LR: 0.00025; Loss: 0.076528; Backprop: 0.0949 sec; Batch: 0.5021 sec
[TRAIN] Iter[568]; LR: 0.00025; Loss: 0.071395; Backprop: 0.0952 sec; Batch: 0.5017 sec
[TRAIN] Iter[569]; LR: 0.00025; Loss: 0.051404; Backprop: 0.0950 sec; Batch: 0.5022 sec
[TRAIN] Iter[570]; LR: 0.00025; Loss: 0.065753; Backprop: 0.0951 sec; Batch: 0.5024 sec
[TRAIN] Iter[571]; LR: 0.00025; Loss: 0.061066; Backprop: 0.0950 sec; Batch: 0.5014 sec
[TRAIN] Iter[572]; LR: 0.00025; Loss: 0.049552; Backprop: 0.0952 sec; Batch: 0.5014 sec
[TRAIN] Iter[573]; LR: 0.00025; Loss: 0.072036; Backprop: 0.0955 sec; Batch: 0.5031 sec
[TRAIN] Iter[574]; LR: 0.00025; Loss: 0.052509; Backprop: 0.0953 sec; Batch: 0.5025 sec
[TRAIN] Iter[575]; LR: 0.00025; Loss: 0.057872; Backprop: 0.0952 sec; Batch: 0.5026 sec
[TRAIN] Iter[576]; LR: 0.00025; Loss: 0.047744; Backprop: 0.0952 sec; Batch: 0.5016 sec
[TRAIN] Iter[577]; LR: 0.00025; Loss: 0.053709; Backprop: 0.0946 sec; Batch: 0.5008 sec
[TRAIN] Iter[578]; LR: 0.00025; Loss: 0.058892; Backprop: 0.0948 sec; Batch: 0.5010 sec
[TRAIN] Iter[579]; LR: 0.00025; Loss: 0.040866; Backprop: 0.0949 sec; Batch: 0.5013 sec
[TRAIN] Iter[580]; LR: 0.00025; Loss: 0.042470; Backprop: 0.0952 sec; Batch: 0.5027 sec
[TRAIN] Iter[581]; LR: 0.00025; Loss: 0.068336; Backprop: 0.0952 sec; Batch: 0.5026 sec
[TRAIN] Iter[582]; LR: 0.00025; Loss: 0.057435; Backprop: 0.0950 sec; Batch: 0.5023 sec
[TRAIN] Iter[583]; LR: 0.00025; Loss: 0.080891; Backprop: 0.0950 sec; Batch: 0.5029 sec
[TRAIN] Iter[584]; LR: 0.00025; Loss: 0.048912; Backprop: 0.0950 sec; Batch: 0.5018 sec
[TRAIN] Iter[585]; LR: 0.00025; Loss: 0.061885; Backprop: 0.0949 sec; Batch: 0.5022 sec
[TRAIN] Iter[586]; LR: 0.00025; Loss: 0.042740; Backprop: 0.0962 sec; Batch: 0.5025 sec
[TRAIN] Iter[587]; LR: 0.00025; Loss: 0.045588; Backprop: 0.0950 sec; Batch: 0.5025 sec
[TRAIN] Iter[588]; LR: 0.00025; Loss: 0.059064; Backprop: 0.0952 sec; Batch: 0.5021 sec
[TRAIN] Iter[589]; LR: 0.00025; Loss: 0.055707; Backprop: 0.0948 sec; Batch: 0.5021 sec
[TRAIN] Iter[590]; LR: 0.00025; Loss: 0.048140; Backprop: 0.0950 sec; Batch: 0.5017 sec
[TRAIN] Iter[591]; LR: 0.00025; Loss: 0.056744; Backprop: 0.0950 sec; Batch: 0.5025 sec
[TRAIN] Iter[592]; LR: 0.00025; Loss: 0.051629; Backprop: 0.0954 sec; Batch: 0.5025 sec
[TRAIN] Iter[593]; LR: 0.00025; Loss: 0.057430; Backprop: 0.0953 sec; Batch: 0.5017 sec
[TRAIN] Iter[594]; LR: 0.00025; Loss: 0.037344; Backprop: 0.0949 sec; Batch: 0.5020 sec
[TRAIN] Iter[595]; LR: 0.00025; Loss: 0.050539; Backprop: 0.0954 sec; Batch: 0.5030 sec
[TRAIN] Iter[596]; LR: 0.00025; Loss: 0.057365; Backprop: 0.0952 sec; Batch: 0.5018 sec
[TRAIN] Iter[597]; LR: 0.00025; Loss: 0.045167; Backprop: 0.0952 sec; Batch: 0.5025 sec
[TRAIN] Iter[598]; LR: 0.00025; Loss: 0.064879; Backprop: 0.0953 sec; Batch: 0.5026 sec
[TRAIN] Iter[599]; LR: 0.00025; Loss: 0.068901; Backprop: 0.0951 sec; Batch: 0.5018 sec
[TRAIN] Iter[600]; LR: 0.00025; Loss: 0.050689; Backprop: 0.0944 sec; Batch: 0.5012 sec
Loss at each step:
0.0802 0.0527 0.0474 0.0469 0.0467 0.0465 0.0466 0.0465 0.0466 0.0467 

[TRAIN] Iter[601]; LR: 0.00025; Loss: 0.034101; Backprop: 0.0952 sec; Batch: 0.5013 sec
[TRAIN] Iter[602]; LR: 0.00025; Loss: 0.059912; Backprop: 0.0951 sec; Batch: 0.5012 sec
[TRAIN] Iter[603]; LR: 0.00025; Loss: 0.036511; Backprop: 0.0951 sec; Batch: 0.5023 sec
[TRAIN] Iter[604]; LR: 0.00025; Loss: 0.056023; Backprop: 0.0951 sec; Batch: 0.5024 sec
[TRAIN] Iter[605]; LR: 0.00025; Loss: 0.044119; Backprop: 0.0950 sec; Batch: 0.5016 sec
[TRAIN] Iter[606]; LR: 0.00025; Loss: 0.056599; Backprop: 0.0951 sec; Batch: 0.5017 sec
[TRAIN] Iter[607]; LR: 0.00025; Loss: 0.060371; Backprop: 0.0948 sec; Batch: 0.5036 sec
[TRAIN] Iter[608]; LR: 0.00025; Loss: 0.043602; Backprop: 0.0952 sec; Batch: 0.5038 sec
[TRAIN] Iter[609]; LR: 0.00025; Loss: 0.042173; Backprop: 0.0951 sec; Batch: 0.5029 sec
[TRAIN] Iter[610]; LR: 0.00025; Loss: 0.066914; Backprop: 0.0950 sec; Batch: 0.5018 sec
[TRAIN] Iter[611]; LR: 0.00025; Loss: 0.065556; Backprop: 0.0947 sec; Batch: 0.5020 sec
[TRAIN] Iter[612]; LR: 0.00025; Loss: 0.038647; Backprop: 0.0950 sec; Batch: 0.5014 sec
[TRAIN] Iter[613]; LR: 0.00025; Loss: 0.041657; Backprop: 0.0946 sec; Batch: 0.5019 sec
[TRAIN] Iter[614]; LR: 0.00025; Loss: 0.055287; Backprop: 0.0948 sec; Batch: 0.5023 sec
[TRAIN] Iter[615]; LR: 0.00025; Loss: 0.060226; Backprop: 0.0958 sec; Batch: 0.5028 sec
[TRAIN] Iter[616]; LR: 0.00025; Loss: 0.062906; Backprop: 0.0949 sec; Batch: 0.5015 sec
[TRAIN] Iter[617]; LR: 0.00025; Loss: 0.070557; Backprop: 0.0950 sec; Batch: 0.5015 sec
[TRAIN] Iter[618]; LR: 0.00025; Loss: 0.042543; Backprop: 0.0950 sec; Batch: 0.5014 sec
[TRAIN] Iter[619]; LR: 0.00025; Loss: 0.087716; Backprop: 0.0954 sec; Batch: 0.5035 sec
[TRAIN] Iter[620]; LR: 0.00025; Loss: 0.053262; Backprop: 0.0949 sec; Batch: 0.5022 sec
[TRAIN] Iter[621]; LR: 0.00025; Loss: 0.048695; Backprop: 0.0954 sec; Batch: 0.5022 sec
[TRAIN] Iter[622]; LR: 0.00025; Loss: 0.043394; Backprop: 0.0951 sec; Batch: 0.5015 sec
[TRAIN] Iter[623]; LR: 0.00025; Loss: 0.056073; Backprop: 0.0950 sec; Batch: 0.5024 sec
[TRAIN] Iter[624]; LR: 0.00025; Loss: 0.074916; Backprop: 0.0948 sec; Batch: 0.5026 sec
[TRAIN] Iter[625]; LR: 0.00025; Loss: 0.057867; Backprop: 0.0953 sec; Batch: 0.5022 sec
[TRAIN] Iter[626]; LR: 0.00025; Loss: 0.052436; Backprop: 0.0950 sec; Batch: 0.5014 sec
[TRAIN] Iter[627]; LR: 0.00025; Loss: 0.044325; Backprop: 0.0950 sec; Batch: 0.5020 sec
[TRAIN] Iter[628]; LR: 0.00025; Loss: 0.058644; Backprop: 0.0951 sec; Batch: 0.5014 sec
[TRAIN] Iter[629]; LR: 0.00025; Loss: 0.060939; Backprop: 0.0954 sec; Batch: 0.5023 sec
[TRAIN] Iter[630]; LR: 0.00025; Loss: 0.082330; Backprop: 0.0950 sec; Batch: 0.5023 sec
[TRAIN] Iter[631]; LR: 0.00025; Loss: 0.040562; Backprop: 0.0948 sec; Batch: 0.5024 sec
[TRAIN] Iter[632]; LR: 0.00025; Loss: 0.074150; Backprop: 0.0954 sec; Batch: 0.5020 sec
[TRAIN] Iter[633]; LR: 0.00025; Loss: 0.048700; Backprop: 0.0955 sec; Batch: 0.5026 sec
[TRAIN] Iter[634]; LR: 0.00025; Loss: 0.040727; Backprop: 0.0950 sec; Batch: 0.5028 sec
[TRAIN] Iter[635]; LR: 0.00025; Loss: 0.049137; Backprop: 0.0955 sec; Batch: 0.5032 sec
[TRAIN] Iter[636]; LR: 0.00025; Loss: 0.051185; Backprop: 0.0950 sec; Batch: 0.5027 sec
[TRAIN] Iter[637]; LR: 0.00025; Loss: 0.056186; Backprop: 0.0949 sec; Batch: 0.5021 sec
[TRAIN] Iter[638]; LR: 0.00025; Loss: 0.045300; Backprop: 0.0949 sec; Batch: 0.5014 sec
[TRAIN] Iter[639]; LR: 0.00025; Loss: 0.073185; Backprop: 0.0954 sec; Batch: 0.5019 sec
[TRAIN] Iter[640]; LR: 0.00025; Loss: 0.076855; Backprop: 0.0951 sec; Batch: 0.5019 sec
[TRAIN] Iter[641]; LR: 0.00025; Loss: 0.097004; Backprop: 0.0949 sec; Batch: 0.5016 sec
[TRAIN] Iter[642]; LR: 0.00025; Loss: 0.057758; Backprop: 0.0951 sec; Batch: 0.5025 sec
[TRAIN] Iter[643]; LR: 0.00025; Loss: 0.086158; Backprop: 0.0953 sec; Batch: 0.5028 sec
[TRAIN] Iter[644]; LR: 0.00025; Loss: 0.050729; Backprop: 0.0951 sec; Batch: 0.5022 sec
[TRAIN] Iter[645]; LR: 0.00025; Loss: 0.053673; Backprop: 0.0949 sec; Batch: 0.5017 sec
[TRAIN] Iter[646]; LR: 0.00025; Loss: 0.061550; Backprop: 0.0948 sec; Batch: 0.5021 sec
[TRAIN] Iter[647]; LR: 0.00025; Loss: 0.044210; Backprop: 0.0952 sec; Batch: 0.5033 sec
[TRAIN] Iter[648]; LR: 0.00025; Loss: 0.064779; Backprop: 0.0949 sec; Batch: 0.5017 sec
[TRAIN] Iter[649]; LR: 0.00025; Loss: 0.076399; Backprop: 0.0950 sec; Batch: 0.5016 sec
[TRAIN] Iter[650]; LR: 0.00025; Loss: 0.046897; Backprop: 0.0954 sec; Batch: 0.5019 sec
[TRAIN] Iter[651]; LR: 0.00025; Loss: 0.039566; Backprop: 0.0955 sec; Batch: 0.5028 sec
[TRAIN] Iter[652]; LR: 0.00025; Loss: 0.102821; Backprop: 0.0953 sec; Batch: 0.5023 sec
[TRAIN] Iter[653]; LR: 0.00025; Loss: 0.058930; Backprop: 0.0948 sec; Batch: 0.5017 sec
[TRAIN] Iter[654]; LR: 0.00025; Loss: 0.049129; Backprop: 0.0951 sec; Batch: 0.5024 sec
[TRAIN] Iter[655]; LR: 0.00025; Loss: 0.067332; Backprop: 0.0948 sec; Batch: 0.5019 sec
[TRAIN] Iter[656]; LR: 0.00025; Loss: 0.057095; Backprop: 0.0952 sec; Batch: 0.5033 sec
[TRAIN] Iter[657]; LR: 0.00025; Loss: 0.050061; Backprop: 0.0951 sec; Batch: 0.5023 sec
[TRAIN] Iter[658]; LR: 0.00025; Loss: 0.044660; Backprop: 0.0947 sec; Batch: 0.5018 sec
[TRAIN] Iter[659]; LR: 0.00025; Loss: 0.052510; Backprop: 0.0953 sec; Batch: 0.5016 sec
[TRAIN] Iter[660]; LR: 0.00025; Loss: 0.047682; Backprop: 0.0953 sec; Batch: 0.5014 sec
[TRAIN] Iter[661]; LR: 0.00025; Loss: 0.043456; Backprop: 0.0947 sec; Batch: 0.5013 sec
[TRAIN] Iter[662]; LR: 0.00025; Loss: 0.041142; Backprop: 0.0948 sec; Batch: 0.5020 sec
[TRAIN] Iter[663]; LR: 0.00025; Loss: 0.057585; Backprop: 0.0948 sec; Batch: 0.5025 sec
[TRAIN] Iter[664]; LR: 0.00025; Loss: 0.074695; Backprop: 0.0953 sec; Batch: 0.5024 sec
[TRAIN] Iter[665]; LR: 0.00025; Loss: 0.033197; Backprop: 0.0949 sec; Batch: 0.5013 sec
[TRAIN] Iter[666]; LR: 0.00025; Loss: 0.066702; Backprop: 0.0951 sec; Batch: 0.5020 sec
[TRAIN] Iter[667]; LR: 0.00025; Loss: 0.062508; Backprop: 0.0950 sec; Batch: 0.5013 sec
[TRAIN] Iter[668]; LR: 0.00025; Loss: 0.049743; Backprop: 0.0954 sec; Batch: 0.5031 sec
[TRAIN] Iter[669]; LR: 0.00025; Loss: 0.057050; Backprop: 0.0955 sec; Batch: 0.5017 sec
[TRAIN] Iter[670]; LR: 0.00025; Loss: 0.047079; Backprop: 0.0949 sec; Batch: 0.5015 sec
[TRAIN] Iter[671]; LR: 0.00025; Loss: 0.064258; Backprop: 0.0949 sec; Batch: 0.5016 sec
[TRAIN] Iter[672]; LR: 0.00025; Loss: 0.062414; Backprop: 0.0952 sec; Batch: 0.5022 sec
[TRAIN] Iter[673]; LR: 0.00025; Loss: 0.044788; Backprop: 0.0950 sec; Batch: 0.5022 sec
[TRAIN] Iter[674]; LR: 0.00025; Loss: 0.054409; Backprop: 0.0956 sec; Batch: 0.5033 sec
[TRAIN] Iter[675]; LR: 0.00025; Loss: 0.041255; Backprop: 0.0947 sec; Batch: 0.5017 sec
[TRAIN] Iter[676]; LR: 0.00025; Loss: 0.086797; Backprop: 0.0954 sec; Batch: 0.5023 sec
[TRAIN] Iter[677]; LR: 0.00025; Loss: 0.051863; Backprop: 0.0952 sec; Batch: 0.5024 sec
[TRAIN] Iter[678]; LR: 0.00025; Loss: 0.068048; Backprop: 0.0955 sec; Batch: 0.5026 sec
[TRAIN] Iter[679]; LR: 0.00025; Loss: 0.047172; Backprop: 0.0951 sec; Batch: 0.5021 sec
[TRAIN] Iter[680]; LR: 0.00025; Loss: 0.035370; Backprop: 0.0949 sec; Batch: 0.5019 sec
[TRAIN] Iter[681]; LR: 0.00025; Loss: 0.035402; Backprop: 0.0947 sec; Batch: 0.5014 sec
[TRAIN] Iter[682]; LR: 0.00025; Loss: 0.058176; Backprop: 0.0950 sec; Batch: 0.5016 sec
[TRAIN] Iter[683]; LR: 0.00025; Loss: 0.063026; Backprop: 0.0948 sec; Batch: 0.5024 sec
[TRAIN] Iter[684]; LR: 0.00025; Loss: 0.054525; Backprop: 0.0949 sec; Batch: 0.5031 sec
[TRAIN] Iter[685]; LR: 0.00025; Loss: 0.064130; Backprop: 0.0948 sec; Batch: 0.5018 sec
[TRAIN] Iter[686]; LR: 0.00025; Loss: 0.076502; Backprop: 0.0945 sec; Batch: 0.5022 sec
[TRAIN] Iter[687]; LR: 0.00025; Loss: 0.045239; Backprop: 0.0950 sec; Batch: 0.5022 sec
[TRAIN] Iter[688]; LR: 0.00025; Loss: 0.071605; Backprop: 0.0954 sec; Batch: 0.5035 sec
[TRAIN] Iter[689]; LR: 0.00025; Loss: 0.044375; Backprop: 0.0951 sec; Batch: 0.5023 sec
[TRAIN] Iter[690]; LR: 0.00025; Loss: 0.046645; Backprop: 0.0948 sec; Batch: 0.5018 sec
[TRAIN] Iter[691]; LR: 0.00025; Loss: 0.054403; Backprop: 0.0946 sec; Batch: 0.5012 sec
[TRAIN] Iter[692]; LR: 0.00025; Loss: 0.061333; Backprop: 0.0950 sec; Batch: 0.5024 sec
[TRAIN] Iter[693]; LR: 0.00025; Loss: 0.047878; Backprop: 0.0952 sec; Batch: 0.5020 sec
[TRAIN] Iter[694]; LR: 0.00025; Loss: 0.045054; Backprop: 0.0957 sec; Batch: 0.5034 sec
[TRAIN] Iter[695]; LR: 0.00025; Loss: 0.060179; Backprop: 0.0948 sec; Batch: 0.5023 sec
[TRAIN] Iter[696]; LR: 0.00025; Loss: 0.049869; Backprop: 0.0954 sec; Batch: 0.5021 sec
[TRAIN] Iter[697]; LR: 0.00025; Loss: 0.080779; Backprop: 0.0947 sec; Batch: 0.5012 sec
[TRAIN] Iter[698]; LR: 0.00025; Loss: 0.049045; Backprop: 0.0952 sec; Batch: 0.5029 sec
[TRAIN] Iter[699]; LR: 0.00025; Loss: 0.057469; Backprop: 0.0951 sec; Batch: 0.5026 sec
[TRAIN] Iter[700]; LR: 0.00025; Loss: 0.059894; Backprop: 0.0952 sec; Batch: 0.5033 sec
Loss at each step:
0.0690 0.0623 0.0576 0.0577 0.0581 0.0583 0.0586 0.0589 0.0591 0.0593 

[TRAIN] Iter[701]; LR: 0.00025; Loss: 0.043334; Backprop: 0.0950 sec; Batch: 0.5015 sec
[TRAIN] Iter[702]; LR: 0.00025; Loss: 0.049389; Backprop: 0.0952 sec; Batch: 0.5021 sec
[TRAIN] Iter[703]; LR: 0.00025; Loss: 0.072426; Backprop: 0.0951 sec; Batch: 0.5025 sec
[TRAIN] Iter[704]; LR: 0.00025; Loss: 0.049073; Backprop: 0.0948 sec; Batch: 0.5018 sec
[TRAIN] Iter[705]; LR: 0.00025; Loss: 0.064999; Backprop: 0.0950 sec; Batch: 0.5019 sec
[TRAIN] Iter[706]; LR: 0.00025; Loss: 0.043587; Backprop: 0.0948 sec; Batch: 0.5018 sec
[TRAIN] Iter[707]; LR: 0.00025; Loss: 0.047993; Backprop: 0.0954 sec; Batch: 0.5017 sec
[TRAIN] Iter[708]; LR: 0.00025; Loss: 0.057091; Backprop: 0.0952 sec; Batch: 0.5019 sec
[TRAIN] Iter[709]; LR: 0.00025; Loss: 0.040315; Backprop: 0.0954 sec; Batch: 0.5016 sec
[TRAIN] Iter[710]; LR: 0.00025; Loss: 0.046855; Backprop: 0.0950 sec; Batch: 0.5029 sec
[TRAIN] Iter[711]; LR: 0.00025; Loss: 0.057155; Backprop: 0.0950 sec; Batch: 0.5020 sec
[TRAIN] Iter[712]; LR: 0.00025; Loss: 0.066333; Backprop: 0.0950 sec; Batch: 0.5020 sec
[TRAIN] Iter[713]; LR: 0.00025; Loss: 0.071563; Backprop: 0.0949 sec; Batch: 0.5014 sec
[TRAIN] Iter[714]; LR: 0.00025; Loss: 0.072594; Backprop: 0.0949 sec; Batch: 0.5018 sec
[TRAIN] Iter[715]; LR: 0.00025; Loss: 0.048906; Backprop: 0.0954 sec; Batch: 0.5029 sec
[TRAIN] Iter[716]; LR: 0.00025; Loss: 0.037409; Backprop: 0.0951 sec; Batch: 0.5023 sec
[TRAIN] Iter[717]; LR: 0.00025; Loss: 0.052628; Backprop: 0.0950 sec; Batch: 0.5018 sec
[TRAIN] Iter[718]; LR: 0.00025; Loss: 0.050109; Backprop: 0.0950 sec; Batch: 0.5031 sec
[TRAIN] Iter[719]; LR: 0.00025; Loss: 0.063468; Backprop: 0.0948 sec; Batch: 0.5012 sec
[TRAIN] Iter[720]; LR: 0.00025; Loss: 0.073207; Backprop: 0.0947 sec; Batch: 0.5024 sec
[TRAIN] Iter[721]; LR: 0.00025; Loss: 0.035779; Backprop: 0.0950 sec; Batch: 0.5027 sec
[TRAIN] Iter[722]; LR: 0.00025; Loss: 0.061085; Backprop: 0.0949 sec; Batch: 0.5024 sec
[TRAIN] Iter[723]; LR: 0.00025; Loss: 0.047656; Backprop: 0.0947 sec; Batch: 0.5016 sec
[TRAIN] Iter[724]; LR: 0.00025; Loss: 0.061587; Backprop: 0.0952 sec; Batch: 0.5040 sec
[TRAIN] Iter[725]; LR: 0.00025; Loss: 0.066115; Backprop: 0.0949 sec; Batch: 0.5023 sec
[TRAIN] Iter[726]; LR: 0.00025; Loss: 0.043674; Backprop: 0.0951 sec; Batch: 0.5028 sec
[TRAIN] Iter[727]; LR: 0.00025; Loss: 0.039031; Backprop: 0.0951 sec; Batch: 0.5029 sec
[TRAIN] Iter[728]; LR: 0.00025; Loss: 0.052564; Backprop: 0.0948 sec; Batch: 0.5030 sec
[TRAIN] Iter[729]; LR: 0.00025; Loss: 0.052868; Backprop: 0.0950 sec; Batch: 0.5017 sec
[TRAIN] Iter[730]; LR: 0.00025; Loss: 0.067614; Backprop: 0.0948 sec; Batch: 0.5024 sec
[TRAIN] Iter[731]; LR: 0.00025; Loss: 0.053323; Backprop: 0.0951 sec; Batch: 0.5012 sec
[TRAIN] Iter[732]; LR: 0.00025; Loss: 0.077846; Backprop: 0.0950 sec; Batch: 0.5026 sec
[TRAIN] Iter[733]; LR: 0.00025; Loss: 0.046045; Backprop: 0.0950 sec; Batch: 0.5034 sec
[TRAIN] Iter[734]; LR: 0.00025; Loss: 0.076170; Backprop: 0.0947 sec; Batch: 0.5027 sec
[TRAIN] Iter[735]; LR: 0.00025; Loss: 0.078514; Backprop: 0.0956 sec; Batch: 0.5023 sec
[TRAIN] Iter[736]; LR: 0.00025; Loss: 0.045708; Backprop: 0.0952 sec; Batch: 0.5025 sec
[TRAIN] Iter[737]; LR: 0.00025; Loss: 0.109479; Backprop: 0.0955 sec; Batch: 0.5020 sec
[TRAIN] Iter[738]; LR: 0.00025; Loss: 0.046604; Backprop: 0.0949 sec; Batch: 0.5016 sec
[TRAIN] Iter[739]; LR: 0.00025; Loss: 0.053753; Backprop: 0.0947 sec; Batch: 0.5013 sec
[TRAIN] Iter[740]; LR: 0.00025; Loss: 0.038539; Backprop: 0.0954 sec; Batch: 0.5029 sec
[TRAIN] Iter[741]; LR: 0.00025; Loss: 0.071328; Backprop: 0.0952 sec; Batch: 0.5026 sec
[TRAIN] Iter[742]; LR: 0.00025; Loss: 0.066240; Backprop: 0.0951 sec; Batch: 0.5024 sec
[TRAIN] Iter[743]; LR: 0.00025; Loss: 0.091892; Backprop: 0.0953 sec; Batch: 0.5025 sec
[TRAIN] Iter[744]; LR: 0.00025; Loss: 0.063156; Backprop: 0.0953 sec; Batch: 0.5022 sec
[TRAIN] Iter[745]; LR: 0.00025; Loss: 0.055573; Backprop: 0.0949 sec; Batch: 0.5017 sec
[TRAIN] Iter[746]; LR: 0.00025; Loss: 0.051292; Backprop: 0.0947 sec; Batch: 0.5021 sec
[TRAIN] Iter[747]; LR: 0.00025; Loss: 0.053444; Backprop: 0.0949 sec; Batch: 0.5023 sec
[TRAIN] Iter[748]; LR: 0.00025; Loss: 0.056053; Backprop: 0.0952 sec; Batch: 0.5026 sec
[TRAIN] Iter[749]; LR: 0.00025; Loss: 0.059604; Backprop: 0.0952 sec; Batch: 0.5021 sec
[TRAIN] Iter[750]; LR: 0.00025; Loss: 0.065941; Backprop: 0.0952 sec; Batch: 0.5019 sec
[TRAIN] Iter[751]; LR: 0.00025; Loss: 0.048488; Backprop: 0.0948 sec; Batch: 0.5011 sec
[TRAIN] Iter[752]; LR: 0.00025; Loss: 0.052284; Backprop: 0.0953 sec; Batch: 0.5029 sec
[TRAIN] Iter[753]; LR: 0.00025; Loss: 0.072623; Backprop: 0.0951 sec; Batch: 0.5028 sec
[TRAIN] Iter[754]; LR: 0.00025; Loss: 0.051063; Backprop: 0.0950 sec; Batch: 0.5026 sec
[TRAIN] Iter[755]; LR: 0.00025; Loss: 0.061838; Backprop: 0.0954 sec; Batch: 0.5019 sec
[TRAIN] Iter[756]; LR: 0.00025; Loss: 0.062903; Backprop: 0.0952 sec; Batch: 0.5015 sec
[TRAIN] Iter[757]; LR: 0.00025; Loss: 0.059265; Backprop: 0.0948 sec; Batch: 0.5011 sec
[TRAIN] Iter[758]; LR: 0.00025; Loss: 0.045079; Backprop: 0.0953 sec; Batch: 0.5031 sec
[TRAIN] Iter[759]; LR: 0.00025; Loss: 0.044725; Backprop: 0.0952 sec; Batch: 0.5018 sec
[TRAIN] Iter[760]; LR: 0.00025; Loss: 0.057766; Backprop: 0.0950 sec; Batch: 0.5012 sec
[TRAIN] Iter[761]; LR: 0.00025; Loss: 0.050066; Backprop: 0.0950 sec; Batch: 0.5026 sec
[TRAIN] Iter[762]; LR: 0.00025; Loss: 0.058819; Backprop: 0.0951 sec; Batch: 0.5028 sec
[TRAIN] Iter[763]; LR: 0.00025; Loss: 0.045176; Backprop: 0.0950 sec; Batch: 0.5022 sec
[TRAIN] Iter[764]; LR: 0.00025; Loss: 0.066262; Backprop: 0.0952 sec; Batch: 0.5024 sec
[TRAIN] Iter[765]; LR: 0.00025; Loss: 0.054294; Backprop: 0.0950 sec; Batch: 0.5021 sec
[TRAIN] Iter[766]; LR: 0.00025; Loss: 0.046567; Backprop: 0.0946 sec; Batch: 0.5021 sec
[TRAIN] Iter[767]; LR: 0.00025; Loss: 0.060413; Backprop: 0.0951 sec; Batch: 0.5023 sec
[TRAIN] Iter[768]; LR: 0.00025; Loss: 0.057369; Backprop: 0.0951 sec; Batch: 0.5018 sec
[TRAIN] Iter[769]; LR: 0.00025; Loss: 0.033361; Backprop: 0.0949 sec; Batch: 0.5032 sec
[TRAIN] Iter[770]; LR: 0.00025; Loss: 0.069239; Backprop: 0.0947 sec; Batch: 0.5017 sec
[TRAIN] Iter[771]; LR: 0.00025; Loss: 0.084699; Backprop: 0.0949 sec; Batch: 0.5018 sec
[TRAIN] Iter[772]; LR: 0.00025; Loss: 0.055765; Backprop: 0.0950 sec; Batch: 0.5018 sec
[TRAIN] Iter[773]; LR: 0.00025; Loss: 0.072407; Backprop: 0.0947 sec; Batch: 0.5021 sec
[TRAIN] Iter[774]; LR: 0.00025; Loss: 0.063047; Backprop: 0.0947 sec; Batch: 0.5020 sec
[TRAIN] Iter[775]; LR: 0.00025; Loss: 0.055357; Backprop: 0.0951 sec; Batch: 0.5030 sec
[TRAIN] Iter[776]; LR: 0.00025; Loss: 0.059318; Backprop: 0.0951 sec; Batch: 0.5021 sec
[TRAIN] Iter[777]; LR: 0.00025; Loss: 0.065789; Backprop: 0.0946 sec; Batch: 0.5014 sec
[TRAIN] Iter[778]; LR: 0.00025; Loss: 0.057591; Backprop: 0.0949 sec; Batch: 0.5014 sec
[TRAIN] Iter[779]; LR: 0.00025; Loss: 0.058234; Backprop: 0.0951 sec; Batch: 0.5032 sec
[TRAIN] Iter[780]; LR: 0.00025; Loss: 0.049398; Backprop: 0.0952 sec; Batch: 0.5030 sec
[TRAIN] Iter[781]; LR: 0.00025; Loss: 0.049586; Backprop: 0.0948 sec; Batch: 0.5022 sec
[TRAIN] Iter[782]; LR: 0.00025; Loss: 0.052974; Backprop: 0.0949 sec; Batch: 0.5019 sec
[TRAIN] Iter[783]; LR: 0.00025; Loss: 0.044008; Backprop: 0.0949 sec; Batch: 0.5023 sec
[TRAIN] Iter[784]; LR: 0.00025; Loss: 0.055066; Backprop: 0.0953 sec; Batch: 0.5031 sec
[TRAIN] Iter[785]; LR: 0.00025; Loss: 0.053049; Backprop: 0.0948 sec; Batch: 0.5026 sec
[TRAIN] Iter[786]; LR: 0.00025; Loss: 0.039911; Backprop: 0.0954 sec; Batch: 0.5017 sec
[TRAIN] Iter[787]; LR: 0.00025; Loss: 0.067162; Backprop: 0.0950 sec; Batch: 0.5019 sec
[TRAIN] Iter[788]; LR: 0.00025; Loss: 0.081010; Backprop: 0.0952 sec; Batch: 0.5021 sec
[TRAIN] Iter[789]; LR: 0.00025; Loss: 0.066822; Backprop: 0.0951 sec; Batch: 0.5027 sec
[TRAIN] Iter[790]; LR: 0.00025; Loss: 0.062622; Backprop: 0.0952 sec; Batch: 0.5022 sec
[TRAIN] Iter[791]; LR: 0.00025; Loss: 0.067261; Backprop: 0.0951 sec; Batch: 0.5019 sec
[TRAIN] Iter[792]; LR: 0.00025; Loss: 0.035015; Backprop: 0.0953 sec; Batch: 0.5021 sec
[TRAIN] Iter[793]; LR: 0.00025; Loss: 0.045366; Backprop: 0.0951 sec; Batch: 0.5034 sec
[TRAIN] Iter[794]; LR: 0.00025; Loss: 0.036711; Backprop: 0.0952 sec; Batch: 0.5023 sec
[TRAIN] Iter[795]; LR: 0.00025; Loss: 0.046024; Backprop: 0.0949 sec; Batch: 0.5014 sec
[TRAIN] Iter[796]; LR: 0.00025; Loss: 0.042996; Backprop: 0.0952 sec; Batch: 0.5024 sec
[TRAIN] Iter[797]; LR: 0.00025; Loss: 0.052408; Backprop: 0.0951 sec; Batch: 0.5023 sec
[TRAIN] Iter[798]; LR: 0.00025; Loss: 0.044509; Backprop: 0.0950 sec; Batch: 0.5016 sec
[TRAIN] Iter[799]; LR: 0.00025; Loss: 0.035141; Backprop: 0.0949 sec; Batch: 0.5015 sec
[TRAIN] Iter[800]; LR: 0.00025; Loss: 0.063467; Backprop: 0.0949 sec; Batch: 0.5025 sec
Loss at each step:
0.1070 0.0636 0.0587 0.0580 0.0578 0.0578 0.0578 0.0579 0.0579 0.0580 

[TRAIN] Iter[801]; LR: 0.00025; Loss: 0.061523; Backprop: 0.0950 sec; Batch: 0.5024 sec
[TRAIN] Iter[802]; LR: 0.00025; Loss: 0.057242; Backprop: 0.0949 sec; Batch: 0.5016 sec
[TRAIN] Iter[803]; LR: 0.00025; Loss: 0.038093; Backprop: 0.0948 sec; Batch: 0.5026 sec
[TRAIN] Iter[804]; LR: 0.00025; Loss: 0.060665; Backprop: 0.0950 sec; Batch: 0.5015 sec
[TRAIN] Iter[805]; LR: 0.00025; Loss: 0.071232; Backprop: 0.0951 sec; Batch: 0.5023 sec
[TRAIN] Iter[806]; LR: 0.00025; Loss: 0.052737; Backprop: 0.0947 sec; Batch: 0.5021 sec
[TRAIN] Iter[807]; LR: 0.00025; Loss: 0.040093; Backprop: 0.0950 sec; Batch: 0.5022 sec
[TRAIN] Iter[808]; LR: 0.00025; Loss: 0.052848; Backprop: 0.0948 sec; Batch: 0.5013 sec
[TRAIN] Iter[809]; LR: 0.00025; Loss: 0.063040; Backprop: 0.0951 sec; Batch: 0.5026 sec
[TRAIN] Iter[810]; LR: 0.00025; Loss: 0.103517; Backprop: 0.0954 sec; Batch: 0.5012 sec
[TRAIN] Iter[811]; LR: 0.00025; Loss: 0.038273; Backprop: 0.0950 sec; Batch: 0.5016 sec
[TRAIN] Iter[812]; LR: 0.00025; Loss: 0.031258; Backprop: 0.0949 sec; Batch: 0.5023 sec
[TRAIN] Iter[813]; LR: 0.00025; Loss: 0.066252; Backprop: 0.0950 sec; Batch: 0.5021 sec
[TRAIN] Iter[814]; LR: 0.00025; Loss: 0.059367; Backprop: 0.0954 sec; Batch: 0.5016 sec
[TRAIN] Iter[815]; LR: 0.00025; Loss: 0.040006; Backprop: 0.0950 sec; Batch: 0.5014 sec
[TRAIN] Iter[816]; LR: 0.00025; Loss: 0.056894; Backprop: 0.0952 sec; Batch: 0.5021 sec
[TRAIN] Iter[817]; LR: 0.00025; Loss: 0.065197; Backprop: 0.0953 sec; Batch: 0.5025 sec
[TRAIN] Iter[818]; LR: 0.00025; Loss: 0.048370; Backprop: 0.0953 sec; Batch: 0.5023 sec
[TRAIN] Iter[819]; LR: 0.00025; Loss: 0.052301; Backprop: 0.0953 sec; Batch: 0.5020 sec
[TRAIN] Iter[820]; LR: 0.00025; Loss: 0.040052; Backprop: 0.0953 sec; Batch: 0.5030 sec
[TRAIN] Iter[821]; LR: 0.00025; Loss: 0.062827; Backprop: 0.0952 sec; Batch: 0.5021 sec
[TRAIN] Iter[822]; LR: 0.00025; Loss: 0.038174; Backprop: 0.0953 sec; Batch: 0.5022 sec
[TRAIN] Iter[823]; LR: 0.00025; Loss: 0.044799; Backprop: 0.0951 sec; Batch: 0.5022 sec
[TRAIN] Iter[824]; LR: 0.00025; Loss: 0.056348; Backprop: 0.0947 sec; Batch: 0.5027 sec
[TRAIN] Iter[825]; LR: 0.00025; Loss: 0.052980; Backprop: 0.0954 sec; Batch: 0.5026 sec
[TRAIN] Iter[826]; LR: 0.00025; Loss: 0.045916; Backprop: 0.0949 sec; Batch: 0.5025 sec
[TRAIN] Iter[827]; LR: 0.00025; Loss: 0.034927; Backprop: 0.0954 sec; Batch: 0.5026 sec
[TRAIN] Iter[828]; LR: 0.00025; Loss: 0.043349; Backprop: 0.0955 sec; Batch: 0.5027 sec
[TRAIN] Iter[829]; LR: 0.00025; Loss: 0.051875; Backprop: 0.0955 sec; Batch: 0.5021 sec
[TRAIN] Iter[830]; LR: 0.00025; Loss: 0.051199; Backprop: 0.0949 sec; Batch: 0.5014 sec
[TRAIN] Iter[831]; LR: 0.00025; Loss: 0.059631; Backprop: 0.0951 sec; Batch: 0.5011 sec
[TRAIN] Iter[832]; LR: 0.00025; Loss: 0.036322; Backprop: 0.0953 sec; Batch: 0.5021 sec
[TRAIN] Iter[833]; LR: 0.00025; Loss: 0.046965; Backprop: 0.0952 sec; Batch: 0.5022 sec
[TRAIN] Iter[834]; LR: 0.00025; Loss: 0.065519; Backprop: 0.0954 sec; Batch: 0.5022 sec
[TRAIN] Iter[835]; LR: 0.00025; Loss: 0.032596; Backprop: 0.0950 sec; Batch: 0.5020 sec
[TRAIN] Iter[836]; LR: 0.00025; Loss: 0.051422; Backprop: 0.0956 sec; Batch: 0.5032 sec
[TRAIN] Iter[837]; LR: 0.00025; Loss: 0.054248; Backprop: 0.0952 sec; Batch: 0.5021 sec
[TRAIN] Iter[838]; LR: 0.00025; Loss: 0.039554; Backprop: 0.0953 sec; Batch: 0.5029 sec
[TRAIN] Iter[839]; LR: 0.00025; Loss: 0.050304; Backprop: 0.0949 sec; Batch: 0.5018 sec
[TRAIN] Iter[840]; LR: 0.00025; Loss: 0.036244; Backprop: 0.0954 sec; Batch: 0.5017 sec
[TRAIN] Iter[841]; LR: 0.00025; Loss: 0.048107; Backprop: 0.0952 sec; Batch: 0.5015 sec
[TRAIN] Iter[842]; LR: 0.00025; Loss: 0.039047; Backprop: 0.0952 sec; Batch: 0.5024 sec
[TRAIN] Iter[843]; LR: 0.00025; Loss: 0.077821; Backprop: 0.0953 sec; Batch: 0.5027 sec
[TRAIN] Iter[844]; LR: 0.00025; Loss: 0.053848; Backprop: 0.0953 sec; Batch: 0.5025 sec
[TRAIN] Iter[845]; LR: 0.00025; Loss: 0.046771; Backprop: 0.0944 sec; Batch: 0.5008 sec
[TRAIN] Iter[846]; LR: 0.00025; Loss: 0.047748; Backprop: 0.0954 sec; Batch: 0.5030 sec
[TRAIN] Iter[847]; LR: 0.00025; Loss: 0.044844; Backprop: 0.0950 sec; Batch: 0.5019 sec
[TRAIN] Iter[848]; LR: 0.00025; Loss: 0.053195; Backprop: 0.0948 sec; Batch: 0.5021 sec
[TRAIN] Iter[849]; LR: 0.00025; Loss: 0.056583; Backprop: 0.0954 sec; Batch: 0.5020 sec
[TRAIN] Iter[850]; LR: 0.00025; Loss: 0.040709; Backprop: 0.0951 sec; Batch: 0.5022 sec
[TRAIN] Iter[851]; LR: 0.00025; Loss: 0.058810; Backprop: 0.0950 sec; Batch: 0.5019 sec
[TRAIN] Iter[852]; LR: 0.00025; Loss: 0.040472; Backprop: 0.0949 sec; Batch: 0.5043 sec
[TRAIN] Iter[853]; LR: 0.00025; Loss: 0.057979; Backprop: 0.0950 sec; Batch: 0.5026 sec
[TRAIN] Iter[854]; LR: 0.00025; Loss: 0.062782; Backprop: 0.0952 sec; Batch: 0.5025 sec
[TRAIN] Iter[855]; LR: 0.00025; Loss: 0.064172; Backprop: 0.0953 sec; Batch: 0.5016 sec
[TRAIN] Iter[856]; LR: 0.00025; Loss: 0.044776; Backprop: 0.0946 sec; Batch: 0.5020 sec
[TRAIN] Iter[857]; LR: 0.00025; Loss: 0.057800; Backprop: 0.0949 sec; Batch: 0.5016 sec
[TRAIN] Iter[858]; LR: 0.00025; Loss: 0.052728; Backprop: 0.0954 sec; Batch: 0.5029 sec
[TRAIN] Iter[859]; LR: 0.00025; Loss: 0.053324; Backprop: 0.0948 sec; Batch: 0.5025 sec
[TRAIN] Iter[860]; LR: 0.00025; Loss: 0.046703; Backprop: 0.0952 sec; Batch: 0.5034 sec
[TRAIN] Iter[861]; LR: 0.00025; Loss: 0.036208; Backprop: 0.0951 sec; Batch: 0.5021 sec
[TRAIN] Iter[862]; LR: 0.00025; Loss: 0.031846; Backprop: 0.0954 sec; Batch: 0.5027 sec
[TRAIN] Iter[863]; LR: 0.00025; Loss: 0.052861; Backprop: 0.0948 sec; Batch: 0.5026 sec
[TRAIN] Iter[864]; LR: 0.00025; Loss: 0.039117; Backprop: 0.0953 sec; Batch: 0.5029 sec
[TRAIN] Iter[865]; LR: 0.00025; Loss: 0.068141; Backprop: 0.0951 sec; Batch: 0.5015 sec
[TRAIN] Iter[866]; LR: 0.00025; Loss: 0.057625; Backprop: 0.0952 sec; Batch: 0.5017 sec
[TRAIN] Iter[867]; LR: 0.00025; Loss: 0.044991; Backprop: 0.0954 sec; Batch: 0.5029 sec
[TRAIN] Iter[868]; LR: 0.00025; Loss: 0.054227; Backprop: 0.0954 sec; Batch: 0.5026 sec
[TRAIN] Iter[869]; LR: 0.00025; Loss: 0.057396; Backprop: 0.0953 sec; Batch: 0.5022 sec
[TRAIN] Iter[870]; LR: 0.00025; Loss: 0.054225; Backprop: 0.0950 sec; Batch: 0.5026 sec
[TRAIN] Iter[871]; LR: 0.00025; Loss: 0.056300; Backprop: 0.0952 sec; Batch: 0.5014 sec
[TRAIN] Iter[872]; LR: 0.00025; Loss: 0.050707; Backprop: 0.0949 sec; Batch: 0.5011 sec
[TRAIN] Iter[873]; LR: 0.00025; Loss: 0.035430; Backprop: 0.0953 sec; Batch: 0.5027 sec
[TRAIN] Iter[874]; LR: 0.00025; Loss: 0.042186; Backprop: 0.0957 sec; Batch: 0.5030 sec
[TRAIN] Iter[875]; LR: 0.00025; Loss: 0.058968; Backprop: 0.0953 sec; Batch: 0.5014 sec
[TRAIN] Iter[876]; LR: 0.00025; Loss: 0.033780; Backprop: 0.0953 sec; Batch: 0.5025 sec
[TRAIN] Iter[877]; LR: 0.00025; Loss: 0.042666; Backprop: 0.0951 sec; Batch: 0.5016 sec
[TRAIN] Iter[878]; LR: 0.00025; Loss: 0.044620; Backprop: 0.0955 sec; Batch: 0.5028 sec
[TRAIN] Iter[879]; LR: 0.00025; Loss: 0.066292; Backprop: 0.0956 sec; Batch: 0.5027 sec
[TRAIN] Iter[880]; LR: 0.00025; Loss: 0.041320; Backprop: 0.0950 sec; Batch: 0.5015 sec
[TRAIN] Iter[881]; LR: 0.00025; Loss: 0.045836; Backprop: 0.0950 sec; Batch: 0.5015 sec
[TRAIN] Iter[882]; LR: 0.00025; Loss: 0.036282; Backprop: 0.0955 sec; Batch: 0.5016 sec
[TRAIN] Iter[883]; LR: 0.00025; Loss: 0.083712; Backprop: 0.0953 sec; Batch: 0.5027 sec
[TRAIN] Iter[884]; LR: 0.00025; Loss: 0.056905; Backprop: 0.0952 sec; Batch: 0.5025 sec
[TRAIN] Iter[885]; LR: 0.00025; Loss: 0.070899; Backprop: 0.0953 sec; Batch: 0.5014 sec
[TRAIN] Iter[886]; LR: 0.00025; Loss: 0.051080; Backprop: 0.0952 sec; Batch: 0.5022 sec
[TRAIN] Iter[887]; LR: 0.00025; Loss: 0.036773; Backprop: 0.0951 sec; Batch: 0.5020 sec
[TRAIN] Iter[888]; LR: 0.00025; Loss: 0.037085; Backprop: 0.0954 sec; Batch: 0.5025 sec
[TRAIN] Iter[889]; LR: 0.00025; Loss: 0.038211; Backprop: 0.0952 sec; Batch: 0.5024 sec
[TRAIN] Iter[890]; LR: 0.00025; Loss: 0.061923; Backprop: 0.0952 sec; Batch: 0.5018 sec
[TRAIN] Iter[891]; LR: 0.00025; Loss: 0.045655; Backprop: 0.0953 sec; Batch: 0.5018 sec
[TRAIN] Iter[892]; LR: 0.00025; Loss: 0.042241; Backprop: 0.0954 sec; Batch: 0.5022 sec
[TRAIN] Iter[893]; LR: 0.00025; Loss: 0.051230; Backprop: 0.0953 sec; Batch: 0.5030 sec
[TRAIN] Iter[894]; LR: 0.00025; Loss: 0.044340; Backprop: 0.0954 sec; Batch: 0.5023 sec
[TRAIN] Iter[895]; LR: 0.00025; Loss: 0.056758; Backprop: 0.0952 sec; Batch: 0.5016 sec
[TRAIN] Iter[896]; LR: 0.00025; Loss: 0.052407; Backprop: 0.0946 sec; Batch: 0.5022 sec
[TRAIN] Iter[897]; LR: 0.00025; Loss: 0.054575; Backprop: 0.0950 sec; Batch: 0.5024 sec
[TRAIN] Iter[898]; LR: 0.00025; Loss: 0.044616; Backprop: 0.0956 sec; Batch: 0.5035 sec
[TRAIN] Iter[899]; LR: 0.00025; Loss: 0.038400; Backprop: 0.0950 sec; Batch: 0.5020 sec
[TRAIN] Iter[900]; LR: 0.00025; Loss: 0.062392; Backprop: 0.0949 sec; Batch: 0.5017 sec
Loss at each step:
0.0840 0.0657 0.0607 0.0596 0.0592 0.0590 0.0590 0.0590 0.0589 0.0589 

[TRAIN] Iter[901]; LR: 0.00025; Loss: 0.063827; Backprop: 0.0949 sec; Batch: 0.5019 sec
[TRAIN] Iter[902]; LR: 0.00025; Loss: 0.053085; Backprop: 0.0951 sec; Batch: 0.5046 sec
[TRAIN] Iter[903]; LR: 0.00025; Loss: 0.077382; Backprop: 0.0952 sec; Batch: 0.5028 sec
[TRAIN] Iter[904]; LR: 0.00025; Loss: 0.055850; Backprop: 0.0954 sec; Batch: 0.5022 sec
[TRAIN] Iter[905]; LR: 0.00025; Loss: 0.069070; Backprop: 0.0950 sec; Batch: 0.5021 sec
[TRAIN] Iter[906]; LR: 0.00025; Loss: 0.051655; Backprop: 0.0951 sec; Batch: 0.5026 sec
[TRAIN] Iter[907]; LR: 0.00025; Loss: 0.060490; Backprop: 0.0952 sec; Batch: 0.5027 sec
[TRAIN] Iter[908]; LR: 0.00025; Loss: 0.044869; Backprop: 0.0952 sec; Batch: 0.5020 sec
[TRAIN] Iter[909]; LR: 0.00025; Loss: 0.045765; Backprop: 0.0951 sec; Batch: 0.5022 sec
[TRAIN] Iter[910]; LR: 0.00025; Loss: 0.055500; Backprop: 0.0951 sec; Batch: 0.5031 sec
[TRAIN] Iter[911]; LR: 0.00025; Loss: 0.046991; Backprop: 0.0949 sec; Batch: 0.5019 sec
[TRAIN] Iter[912]; LR: 0.00025; Loss: 0.061166; Backprop: 0.0949 sec; Batch: 0.5024 sec
[TRAIN] Iter[913]; LR: 0.00025; Loss: 0.050716; Backprop: 0.0953 sec; Batch: 0.5034 sec
[TRAIN] Iter[914]; LR: 0.00025; Loss: 0.050270; Backprop: 0.0951 sec; Batch: 0.5019 sec
[TRAIN] Iter[915]; LR: 0.00025; Loss: 0.062726; Backprop: 0.0950 sec; Batch: 0.5018 sec
[TRAIN] Iter[916]; LR: 0.00025; Loss: 0.046270; Backprop: 0.0947 sec; Batch: 0.5013 sec
[TRAIN] Iter[917]; LR: 0.00025; Loss: 0.052461; Backprop: 0.0953 sec; Batch: 0.5030 sec
[TRAIN] Iter[918]; LR: 0.00025; Loss: 0.052154; Backprop: 0.0948 sec; Batch: 0.5023 sec
[TRAIN] Iter[919]; LR: 0.00025; Loss: 0.069543; Backprop: 0.0953 sec; Batch: 0.5021 sec
[TRAIN] Iter[920]; LR: 0.00025; Loss: 0.044286; Backprop: 0.0946 sec; Batch: 0.5022 sec
[TRAIN] Iter[921]; LR: 0.00025; Loss: 0.028049; Backprop: 0.0952 sec; Batch: 0.5023 sec
[TRAIN] Iter[922]; LR: 0.00025; Loss: 0.044689; Backprop: 0.0951 sec; Batch: 0.5028 sec
[TRAIN] Iter[923]; LR: 0.00025; Loss: 0.042196; Backprop: 0.0954 sec; Batch: 0.5034 sec
[TRAIN] Iter[924]; LR: 0.00025; Loss: 0.040558; Backprop: 0.0949 sec; Batch: 0.5020 sec
[TRAIN] Iter[925]; LR: 0.00025; Loss: 0.041373; Backprop: 0.0951 sec; Batch: 0.5027 sec
[TRAIN] Iter[926]; LR: 0.00025; Loss: 0.056122; Backprop: 0.0954 sec; Batch: 0.5024 sec
[TRAIN] Iter[927]; LR: 0.00025; Loss: 0.058775; Backprop: 0.0950 sec; Batch: 0.5025 sec
[TRAIN] Iter[928]; LR: 0.00025; Loss: 0.048738; Backprop: 0.0949 sec; Batch: 0.5025 sec
[TRAIN] Iter[929]; LR: 0.00025; Loss: 0.048710; Backprop: 0.0952 sec; Batch: 0.5029 sec
[TRAIN] Iter[930]; LR: 0.00025; Loss: 0.054579; Backprop: 0.0948 sec; Batch: 0.5021 sec
[TRAIN] Iter[931]; LR: 0.00025; Loss: 0.048273; Backprop: 0.0949 sec; Batch: 0.5017 sec
[TRAIN] Iter[932]; LR: 0.00025; Loss: 0.043616; Backprop: 0.0952 sec; Batch: 0.5024 sec
[TRAIN] Iter[933]; LR: 0.00025; Loss: 0.046349; Backprop: 0.0954 sec; Batch: 0.5037 sec
[TRAIN] Iter[934]; LR: 0.00025; Loss: 0.043679; Backprop: 0.0952 sec; Batch: 0.5022 sec
[TRAIN] Iter[935]; LR: 0.00025; Loss: 0.034472; Backprop: 0.0950 sec; Batch: 0.5021 sec
[TRAIN] Iter[936]; LR: 0.00025; Loss: 0.060714; Backprop: 0.0952 sec; Batch: 0.5017 sec
[TRAIN] Iter[937]; LR: 0.00025; Loss: 0.054459; Backprop: 0.0950 sec; Batch: 0.5024 sec
[TRAIN] Iter[938]; LR: 0.00025; Loss: 0.055484; Backprop: 0.0950 sec; Batch: 0.5030 sec
[TRAIN] Iter[939]; LR: 0.00025; Loss: 0.068973; Backprop: 0.0949 sec; Batch: 0.5026 sec
[TRAIN] Iter[940]; LR: 0.00025; Loss: 0.053224; Backprop: 0.0949 sec; Batch: 0.5018 sec
[TRAIN] Iter[941]; LR: 0.00025; Loss: 0.052566; Backprop: 0.0949 sec; Batch: 0.5014 sec
[TRAIN] Iter[942]; LR: 0.00025; Loss: 0.039196; Backprop: 0.0954 sec; Batch: 0.5021 sec
[TRAIN] Iter[943]; LR: 0.00025; Loss: 0.053332; Backprop: 0.0951 sec; Batch: 0.5020 sec
[TRAIN] Iter[944]; LR: 0.00025; Loss: 0.052223; Backprop: 0.0956 sec; Batch: 0.5022 sec
[TRAIN] Iter[945]; LR: 0.00025; Loss: 0.037840; Backprop: 0.0953 sec; Batch: 0.5019 sec
[TRAIN] Iter[946]; LR: 0.00025; Loss: 0.072467; Backprop: 0.0950 sec; Batch: 0.5015 sec
[TRAIN] Iter[947]; LR: 0.00025; Loss: 0.056162; Backprop: 0.0951 sec; Batch: 0.5024 sec
[TRAIN] Iter[948]; LR: 0.00025; Loss: 0.054885; Backprop: 0.0951 sec; Batch: 0.5025 sec
